2020-02-27 09:14:59,139 - basicLogger - INFO - b'{"type": "xrayInfo", "datetime": "2020 -02-27T09:14:59", "payload": {"patient_id": "fgbqrvnxex", "result": "mhmbabuvnqviahieicgl", "timestamp": "2022-01-09T18:51:16.953Z"}}'
2020-02-27 09:14:59,250 - basicLogger - INFO - b'{"type": "xrayInfo", "datetime": "2020 -02-27T09:14:59", "payload": {"patient_id": "xfhwvhbcyc", "result": "zdcxsamkqqznvdbfjkkm", "timestamp": "2022-01-09T18:51:16.953Z"}}'
2020-02-27 09:14:59,327 - basicLogger - INFO - b'{"type": "xrayInfo", "datetime": "2020 -02-27T09:14:59", "payload": {"patient_id": "fkypjqakcr", "result": "djztllnovcqktnuokxet", "timestamp": "2022-01-09T18:51:16.953Z"}}'
2020-02-27 09:14:59,428 - basicLogger - INFO - b'{"type": "xrayInfo", "datetime": "2020 -02-27T09:14:59", "payload": {"patient_id": "tylpsmksaq", "result": "ctzntqjpesncdnpyoxze", "timestamp": "2022-01-09T18:51:16.953Z"}}'
2020-02-27 09:14:59,533 - basicLogger - INFO - b'{"type": "xrayInfo", "datetime": "2020 -02-27T09:14:59", "payload": {"patient_id": "arjsqvmxmi", "result": "jnbjdyelqblrffsnlrjx", "timestamp": "2022-01-09T18:51:16.953Z"}}'
2020-02-27 09:14:59,637 - basicLogger - INFO - b'{"type": "xrayInfo", "datetime": "2020 -02-27T09:14:59", "payload": {"patient_id": "xqtfqyqmqu", "result": "oqgtrphzbiioyyuwueib", "timestamp": "2022-01-09T18:51:16.953Z"}}'
2020-02-27 09:14:59,717 - basicLogger - INFO - b'{"type": "xrayInfo", "datetime": "2020 -02-27T09:14:59", "payload": {"patient_id": "bxkyuvhzfb", "result": "lnhiczomrsntguzwetee", "timestamp": "2022-01-09T18:51:16.953Z"}}'
2020-02-27 09:14:59,826 - basicLogger - INFO - b'{"type": "xrayInfo", "datetime": "2020 -02-27T09:14:59", "payload": {"patient_id": "zweohbfhib", "result": "zidpyakzuwqkvgvboaby", "timestamp": "2022-01-09T18:51:16.953Z"}}'
2020-02-27 09:14:59,938 - basicLogger - INFO - b'{"type": "xrayInfo", "datetime": "2020 -02-27T09:14:59", "payload": {"patient_id": "xyyevbzwdm", "result": "rvfjlhfpzhyprswfjumn", "timestamp": "2022-01-09T18:51:16.953Z"}}'
2020-02-27 09:15:01,207 - basicLogger - INFO - b'{"type": "surgeryInfo", "datetime": "2020 -02-27T09:15:01", "payload": {"patient_id": "jbwgoexowm", "bookingDate": "2021-01-09T18:51:16.953Z", "surgeryDate": "2021-28-09T18:51:16.953Z"}}'
2020-02-27 09:15:01,316 - basicLogger - INFO - b'{"type": "surgeryInfo", "datetime": "2020 -02-27T09:15:01", "payload": {"patient_id": "hzurrzsrkn", "bookingDate": "2021-01-09T18:51:16.953Z", "surgeryDate": "2021-28-09T18:51:16.953Z"}}'
2020-02-27 09:15:01,377 - basicLogger - INFO - b'{"type": "surgeryInfo", "datetime": "2020 -02-27T09:15:01", "payload": {"patient_id": "uufcnaqsyo", "bookingDate": "2021-01-09T18:51:16.953Z", "surgeryDate": "2021-28-09T18:51:16.953Z"}}'
2020-02-27 09:15:01,495 - basicLogger - INFO - b'{"type": "surgeryInfo", "datetime": "2020 -02-27T09:15:01", "payload": {"patient_id": "nomhthbkos", "bookingDate": "2021-01-09T18:51:16.953Z", "surgeryDate": "2021-28-09T18:51:16.953Z"}}'
2020-02-27 09:15:01,600 - basicLogger - INFO - b'{"type": "surgeryInfo", "datetime": "2020 -02-27T09:15:01", "payload": {"patient_id": "vzyxbhabwt", "bookingDate": "2021-01-09T18:51:16.953Z", "surgeryDate": "2021-28-09T18:51:16.953Z"}}'
2020-02-27 09:15:01,704 - basicLogger - INFO - b'{"type": "surgeryInfo", "datetime": "2020 -02-27T09:15:01", "payload": {"patient_id": "tuvfopajgg", "bookingDate": "2021-01-09T18:51:16.953Z", "surgeryDate": "2021-28-09T18:51:16.953Z"}}'
2020-02-27 09:15:01,782 - basicLogger - INFO - b'{"type": "surgeryInfo", "datetime": "2020 -02-27T09:15:01", "payload": {"patient_id": "qujcbyaeik", "bookingDate": "2021-01-09T18:51:16.953Z", "surgeryDate": "2021-28-09T18:51:16.953Z"}}'
2020-02-27 09:15:01,893 - basicLogger - INFO - b'{"type": "surgeryInfo", "datetime": "2020 -02-27T09:15:01", "payload": {"patient_id": "mgmndjfqmb", "bookingDate": "2021-01-09T18:51:16.953Z", "surgeryDate": "2021-28-09T18:51:16.953Z"}}'
2020-02-27 09:15:02,004 - basicLogger - INFO - b'{"type": "surgeryInfo", "datetime": "2020 -02-27T09:15:02", "payload": {"patient_id": "njyunpwwfo", "bookingDate": "2021-01-09T18:51:16.953Z", "surgeryDate": "2021-28-09T18:51:16.953Z"}}'
2020-02-27 09:15:03,262 - basicLogger - INFO - b'{"type": "xrayInfo", "datetime": "2020 -02-27T09:15:03", "payload": {"patient_id": "iqvncbqzyt", "result": "nlfmpsxkpopkdbidpqgy", "timestamp": "2022-01-09T18:51:16.953Z"}}'
2020-02-27 09:15:03,356 - basicLogger - INFO - b'{"type": "xrayInfo", "datetime": "2020 -02-27T09:15:03", "payload": {"patient_id": "fylmocenuv", "result": "nqlnrlkaxrqnfmzsfsmb", "timestamp": "2022-01-09T18:51:16.953Z"}}'
2020-02-27 09:15:03,420 - basicLogger - INFO - b'{"type": "xrayInfo", "datetime": "2020 -02-27T09:15:03", "payload": {"patient_id": "keloxuppwy", "result": "xyuymuqvzkgxvufkplyo", "timestamp": "2022-01-09T18:51:16.953Z"}}'
2020-02-27 09:15:03,537 - basicLogger - INFO - b'{"type": "xrayInfo", "datetime": "2020 -02-27T09:15:03", "payload": {"patient_id": "yoevvhtrbv", "result": "wiolxjlagocyaetvogqg", "timestamp": "2022-01-09T18:51:16.953Z"}}'
2020-02-27 09:15:03,644 - basicLogger - INFO - b'{"type": "xrayInfo", "datetime": "2020 -02-27T09:15:03", "payload": {"patient_id": "ybdpmajyia", "result": "mrqwmtgtvfrrxrtitovu", "timestamp": "2022-01-09T18:51:16.953Z"}}'
2020-02-27 09:15:03,758 - basicLogger - INFO - b'{"type": "xrayInfo", "datetime": "2020 -02-27T09:15:03", "payload": {"patient_id": "mjbusbpspv", "result": "xtwoftjxpincxvoenqpq", "timestamp": "2022-01-09T18:51:16.953Z"}}'
2020-02-27 09:15:03,829 - basicLogger - INFO - b'{"type": "xrayInfo", "datetime": "2020 -02-27T09:15:03", "payload": {"patient_id": "zvycjejoeq", "result": "ddbjihapwiotazssddey", "timestamp": "2022-01-09T18:51:16.953Z"}}'
2020-02-27 09:15:03,936 - basicLogger - INFO - b'{"type": "xrayInfo", "datetime": "2020 -02-27T09:15:03", "payload": {"patient_id": "owtlsupwqz", "result": "panvloxgfecsffrwufar", "timestamp": "2022-01-09T18:51:16.953Z"}}'
2020-02-27 09:15:04,075 - basicLogger - INFO - b'{"type": "xrayInfo", "datetime": "2020 -02-27T09:15:04", "payload": {"patient_id": "qsiodimkcq", "result": "ebwczsyhymawhqjvnbuh", "timestamp": "2022-01-09T18:51:16.953Z"}}'
2020-02-27 09:15:05,317 - basicLogger - INFO - b'{"type": "surgeryInfo", "datetime": "2020 -02-27T09:15:05", "payload": {"patient_id": "znkcixeewq", "bookingDate": "2021-01-09T18:51:16.953Z", "surgeryDate": "2021-28-09T18:51:16.953Z"}}'
2020-02-27 09:15:05,399 - basicLogger - INFO - b'{"type": "surgeryInfo", "datetime": "2020 -02-27T09:15:05", "payload": {"patient_id": "avztuagjfj", "bookingDate": "2021-01-09T18:51:16.953Z", "surgeryDate": "2021-28-09T18:51:16.953Z"}}'
2020-02-27 09:15:05,478 - basicLogger - INFO - b'{"type": "surgeryInfo", "datetime": "2020 -02-27T09:15:05", "payload": {"patient_id": "gpqpnhhztm", "bookingDate": "2021-01-09T18:51:16.953Z", "surgeryDate": "2021-28-09T18:51:16.953Z"}}'
2020-02-27 09:15:05,601 - basicLogger - INFO - b'{"type": "surgeryInfo", "datetime": "2020 -02-27T09:15:05", "payload": {"patient_id": "ehcostcjom", "bookingDate": "2021-01-09T18:51:16.953Z", "surgeryDate": "2021-28-09T18:51:16.953Z"}}'
2020-02-27 09:15:05,702 - basicLogger - INFO - b'{"type": "surgeryInfo", "datetime": "2020 -02-27T09:15:05", "payload": {"patient_id": "sgmaeqgspa", "bookingDate": "2021-01-09T18:51:16.953Z", "surgeryDate": "2021-28-09T18:51:16.953Z"}}'
2020-02-27 09:15:05,832 - basicLogger - INFO - b'{"type": "surgeryInfo", "datetime": "2020 -02-27T09:15:05", "payload": {"patient_id": "gmqtbgkole", "bookingDate": "2021-01-09T18:51:16.953Z", "surgeryDate": "2021-28-09T18:51:16.953Z"}}'
2020-02-27 09:15:05,881 - basicLogger - INFO - b'{"type": "surgeryInfo", "datetime": "2020 -02-27T09:15:05", "payload": {"patient_id": "averybfotl", "bookingDate": "2021-01-09T18:51:16.953Z", "surgeryDate": "2021-28-09T18:51:16.953Z"}}'
2020-02-27 09:15:05,996 - basicLogger - INFO - b'{"type": "surgeryInfo", "datetime": "2020 -02-27T09:15:05", "payload": {"patient_id": "bsuvxfuoyv", "bookingDate": "2021-01-09T18:51:16.953Z", "surgeryDate": "2021-28-09T18:51:16.953Z"}}'
2020-02-27 09:15:06,134 - basicLogger - INFO - b'{"type": "surgeryInfo", "datetime": "2020 -02-27T09:15:06", "payload": {"patient_id": "oytrfltmie", "bookingDate": "2021-01-09T18:51:16.953Z", "surgeryDate": "2021-28-09T18:51:16.953Z"}}'
2020-02-27 09:15:07,390 - basicLogger - INFO - b'{"type": "xrayInfo", "datetime": "2020 -02-27T09:15:07", "payload": {"patient_id": "jlbdnbctee", "result": "zpowkxtdeuujyiydhhbg", "timestamp": "2022-01-09T18:51:16.953Z"}}'
2020-02-27 09:15:07,467 - basicLogger - INFO - b'{"type": "xrayInfo", "datetime": "2020 -02-27T09:15:07", "payload": {"patient_id": "udogzqmlqb", "result": "jzuarfvhefyowiihwzea", "timestamp": "2022-01-09T18:51:16.953Z"}}'
2020-02-27 09:15:07,550 - basicLogger - INFO - b'{"type": "xrayInfo", "datetime": "2020 -02-27T09:15:07", "payload": {"patient_id": "uuxwjewwrw", "result": "ztogjngfnyhjakfzaosm", "timestamp": "2022-01-09T18:51:16.953Z"}}'
2020-02-27 09:15:07,675 - basicLogger - INFO - b'{"type": "xrayInfo", "datetime": "2020 -02-27T09:15:07", "payload": {"patient_id": "dtccdvfsjx", "result": "cizecsqioahsnqlsmqnf", "timestamp": "2022-01-09T18:51:16.953Z"}}'
2020-02-27 09:15:07,760 - basicLogger - INFO - b'{"type": "xrayInfo", "datetime": "2020 -02-27T09:15:07", "payload": {"patient_id": "puywjupasf", "result": "cnkvszqtrfwzvsyjmjds", "timestamp": "2022-01-09T18:51:16.953Z"}}'
2020-02-27 09:15:07,914 - basicLogger - INFO - b'{"type": "xrayInfo", "datetime": "2020 -02-27T09:15:07", "payload": {"patient_id": "ffjpsnwtyf", "result": "elsptefdbotdigzhxgmh", "timestamp": "2022-01-09T18:51:16.953Z"}}'
2020-02-27 09:15:07,960 - basicLogger - INFO - b'{"type": "xrayInfo", "datetime": "2020 -02-27T09:15:07", "payload": {"patient_id": "ijkyqczfna", "result": "eokwdndlwpvwtjybsoaq", "timestamp": "2022-01-09T18:51:16.953Z"}}'
2020-02-27 09:15:08,064 - basicLogger - INFO - b'{"type": "xrayInfo", "datetime": "2020 -02-27T09:15:08", "payload": {"patient_id": "spgtqemywe", "result": "eouczcklhownqfrphfke", "timestamp": "2022-01-09T18:51:16.953Z"}}'
2020-02-27 09:15:08,207 - basicLogger - INFO - b'{"type": "xrayInfo", "datetime": "2020 -02-27T09:15:08", "payload": {"patient_id": "ewbknpfpfe", "result": "vspvqdbvpduhnkngqomg", "timestamp": "2022-01-09T18:51:16.953Z"}}'
2020-02-27 09:15:09,426 - basicLogger - INFO - b'{"type": "surgeryInfo", "datetime": "2020 -02-27T09:15:09", "payload": {"patient_id": "iuadaftztr", "bookingDate": "2021-01-09T18:51:16.953Z", "surgeryDate": "2021-28-09T18:51:16.953Z"}}'
2020-02-27 09:15:09,555 - basicLogger - INFO - b'{"type": "surgeryInfo", "datetime": "2020 -02-27T09:15:09", "payload": {"patient_id": "djfnavcina", "bookingDate": "2021-01-09T18:51:16.953Z", "surgeryDate": "2021-28-09T18:51:16.953Z"}}'
2020-02-27 09:15:09,627 - basicLogger - INFO - b'{"type": "surgeryInfo", "datetime": "2020 -02-27T09:15:09", "payload": {"patient_id": "mfyljjfmeg", "bookingDate": "2021-01-09T18:51:16.953Z", "surgeryDate": "2021-28-09T18:51:16.953Z"}}'
2020-02-27 09:15:09,713 - basicLogger - INFO - b'{"type": "surgeryInfo", "datetime": "2020 -02-27T09:15:09", "payload": {"patient_id": "nuliqxdbcn", "bookingDate": "2021-01-09T18:51:16.953Z", "surgeryDate": "2021-28-09T18:51:16.953Z"}}'
2020-02-27 09:15:09,829 - basicLogger - INFO - b'{"type": "surgeryInfo", "datetime": "2020 -02-27T09:15:09", "payload": {"patient_id": "uvfrjfzacg", "bookingDate": "2021-01-09T18:51:16.953Z", "surgeryDate": "2021-28-09T18:51:16.953Z"}}'
2020-02-27 09:15:09,972 - basicLogger - INFO - b'{"type": "surgeryInfo", "datetime": "2020 -02-27T09:15:09", "payload": {"patient_id": "neizjhorar", "bookingDate": "2021-01-09T18:51:16.953Z", "surgeryDate": "2021-28-09T18:51:16.953Z"}}'
2020-02-27 09:15:10,033 - basicLogger - INFO - b'{"type": "surgeryInfo", "datetime": "2020 -02-27T09:15:10", "payload": {"patient_id": "aislrpsdyi", "bookingDate": "2021-01-09T18:51:16.953Z", "surgeryDate": "2021-28-09T18:51:16.953Z"}}'
2020-02-27 09:15:10,136 - basicLogger - INFO - b'{"type": "surgeryInfo", "datetime": "2020 -02-27T09:15:10", "payload": {"patient_id": "qnoxdbweor", "bookingDate": "2021-01-09T18:51:16.953Z", "surgeryDate": "2021-28-09T18:51:16.953Z"}}'
2020-02-27 09:15:10,263 - basicLogger - INFO - b'{"type": "surgeryInfo", "datetime": "2020 -02-27T09:15:10", "payload": {"patient_id": "mjlnvauoub", "bookingDate": "2021-01-09T18:51:16.953Z", "surgeryDate": "2021-28-09T18:51:16.953Z"}}'
2020-02-27 09:15:11,499 - basicLogger - INFO - b'{"type": "xrayInfo", "datetime": "2020 -02-27T09:15:11", "payload": {"patient_id": "ekvqyeeqbg", "result": "ittlbccwnazkyslsjixu", "timestamp": "2022-01-09T18:51:16.953Z"}}'
2020-02-27 09:15:11,647 - basicLogger - INFO - b'{"type": "xrayInfo", "datetime": "2020 -02-27T09:15:11", "payload": {"patient_id": "rvnssrzagk", "result": "ekjetqlnpebiklyzdzbn", "timestamp": "2022-01-09T18:51:16.953Z"}}'
2020-02-27 09:15:11,698 - basicLogger - INFO - b'{"type": "xrayInfo", "datetime": "2020 -02-27T09:15:11", "payload": {"patient_id": "biekzqtkfe", "result": "jolusnylsoujpghpiqbp", "timestamp": "2022-01-09T18:51:16.953Z"}}'
2020-02-27 09:15:11,781 - basicLogger - INFO - b'{"type": "xrayInfo", "datetime": "2020 -02-27T09:15:11", "payload": {"patient_id": "ulwpjfsbvz", "result": "varyxlbpmvwiegqsusky", "timestamp": "2022-01-09T18:51:16.953Z"}}'
2020-02-27 09:15:11,905 - basicLogger - INFO - b'{"type": "xrayInfo", "datetime": "2020 -02-27T09:15:11", "payload": {"patient_id": "ihuogpbffj", "result": "hccmihqttwnrnvbjhduu", "timestamp": "2022-01-09T18:51:16.953Z"}}'
2020-02-27 09:15:12,068 - basicLogger - INFO - b'{"type": "xrayInfo", "datetime": "2020 -02-27T09:15:12", "payload": {"patient_id": "aipuplmakl", "result": "xweaocawfjihpiyxgoxt", "timestamp": "2022-01-09T18:51:16.953Z"}}'
2020-02-27 09:15:12,102 - basicLogger - INFO - b'{"type": "xrayInfo", "datetime": "2020 -02-27T09:15:12", "payload": {"patient_id": "tjsmxlgqxf", "result": "ozgbmhvvbwxkffbhhmap", "timestamp": "2022-01-09T18:51:16.953Z"}}'
2020-02-27 09:15:12,207 - basicLogger - INFO - b'{"type": "xrayInfo", "datetime": "2020 -02-27T09:15:12", "payload": {"patient_id": "frbmgkkyxz", "result": "nwmaidgdnaswcmdujrjg", "timestamp": "2022-01-09T18:51:16.953Z"}}'
2020-02-27 09:15:12,324 - basicLogger - INFO - b'{"type": "xrayInfo", "datetime": "2020 -02-27T09:15:12", "payload": {"patient_id": "yqdjdksmyz", "result": "eospcthxmwzmwvqcdkns", "timestamp": "2022-01-09T18:51:16.953Z"}}'
2020-02-27 09:15:13,572 - basicLogger - INFO - b'{"type": "surgeryInfo", "datetime": "2020 -02-27T09:15:13", "payload": {"patient_id": "umnlytqoyk", "bookingDate": "2021-01-09T18:51:16.953Z", "surgeryDate": "2021-28-09T18:51:16.953Z"}}'
2020-02-27 09:15:13,706 - basicLogger - INFO - b'{"type": "surgeryInfo", "datetime": "2020 -02-27T09:15:13", "payload": {"patient_id": "wfgnlczvtr", "bookingDate": "2021-01-09T18:51:16.953Z", "surgeryDate": "2021-28-09T18:51:16.953Z"}}'
2020-02-27 09:15:13,759 - basicLogger - INFO - b'{"type": "surgeryInfo", "datetime": "2020 -02-27T09:15:13", "payload": {"patient_id": "lwsyndeleu", "bookingDate": "2021-01-09T18:51:16.953Z", "surgeryDate": "2021-28-09T18:51:16.953Z"}}'
2020-02-27 09:15:13,830 - basicLogger - INFO - b'{"type": "surgeryInfo", "datetime": "2020 -02-27T09:15:13", "payload": {"patient_id": "kipgrgklka", "bookingDate": "2021-01-09T18:51:16.953Z", "surgeryDate": "2021-28-09T18:51:16.953Z"}}'
2020-02-27 09:15:13,978 - basicLogger - INFO - b'{"type": "surgeryInfo", "datetime": "2020 -02-27T09:15:13", "payload": {"patient_id": "jccerzcbcl", "bookingDate": "2021-01-09T18:51:16.953Z", "surgeryDate": "2021-28-09T18:51:16.953Z"}}'
2020-02-27 09:15:14,147 - basicLogger - INFO - b'{"type": "surgeryInfo", "datetime": "2020 -02-27T09:15:14", "payload": {"patient_id": "mcydqasnnq", "bookingDate": "2021-01-09T18:51:16.953Z", "surgeryDate": "2021-28-09T18:51:16.953Z"}}'
2020-02-27 09:15:14,177 - basicLogger - INFO - b'{"type": "surgeryInfo", "datetime": "2020 -02-27T09:15:14", "payload": {"patient_id": "bubwgtynkq", "bookingDate": "2021-01-09T18:51:16.953Z", "surgeryDate": "2021-28-09T18:51:16.953Z"}}'
2020-02-27 09:15:14,273 - basicLogger - INFO - b'{"type": "surgeryInfo", "datetime": "2020 -02-27T09:15:14", "payload": {"patient_id": "hrdzfeoujv", "bookingDate": "2021-01-09T18:51:16.953Z", "surgeryDate": "2021-28-09T18:51:16.953Z"}}'
2020-02-27 09:15:14,372 - basicLogger - INFO - b'{"type": "surgeryInfo", "datetime": "2020 -02-27T09:15:14", "payload": {"patient_id": "fbbhdvxwqm", "bookingDate": "2021-01-09T18:51:16.953Z", "surgeryDate": "2021-28-09T18:51:16.953Z"}}'
2020-02-27 09:15:15,643 - basicLogger - INFO - b'{"type": "xrayInfo", "datetime": "2020 -02-27T09:15:15", "payload": {"patient_id": "xbnoaqnsiq", "result": "scfartyplqzmjwmqqdig", "timestamp": "2022-01-09T18:51:16.953Z"}}'
2020-02-27 09:15:15,780 - basicLogger - INFO - b'{"type": "xrayInfo", "datetime": "2020 -02-27T09:15:15", "payload": {"patient_id": "ljxsxwnmsi", "result": "qxxknrvhnqqjtsvuuyed", "timestamp": "2022-01-09T18:51:16.953Z"}}'
2020-02-27 09:15:15,830 - basicLogger - INFO - b'{"type": "xrayInfo", "datetime": "2020 -02-27T09:15:15", "payload": {"patient_id": "ayqlaggscd", "result": "naqwqqusegxysphirxai", "timestamp": "2022-01-09T18:51:16.953Z"}}'
2020-02-27 09:15:15,891 - basicLogger - INFO - b'{"type": "xrayInfo", "datetime": "2020 -02-27T09:15:15", "payload": {"patient_id": "vbvmpcolog", "result": "kpasteccqiunoypldnbb", "timestamp": "2022-01-09T18:51:16.953Z"}}'
2020-02-27 09:15:16,037 - basicLogger - INFO - b'{"type": "xrayInfo", "datetime": "2020 -02-27T09:15:16", "payload": {"patient_id": "yndsfqwffn", "result": "mfychhejfhrkjhdqrruz", "timestamp": "2022-01-09T18:51:16.953Z"}}'
2020-02-27 09:15:16,220 - basicLogger - INFO - b'{"type": "xrayInfo", "datetime": "2020 -02-27T09:15:16", "payload": {"patient_id": "mixxjxuxzz", "result": "auirafoyfzzpqnxrwvfr", "timestamp": "2022-01-09T18:51:16.953Z"}}'
2020-02-27 09:15:16,255 - basicLogger - INFO - b'{"type": "xrayInfo", "datetime": "2020 -02-27T09:15:16", "payload": {"patient_id": "ydfvyodcxt", "result": "mrerjoewhekbdyrgsvag", "timestamp": "2022-01-09T18:51:16.953Z"}}'
2020-02-27 09:15:16,347 - basicLogger - INFO - b'{"type": "xrayInfo", "datetime": "2020 -02-27T09:15:16", "payload": {"patient_id": "oljquqhres", "result": "tnnullzibhiyiisemoou", "timestamp": "2022-01-09T18:51:16.953Z"}}'
2020-02-27 09:15:16,437 - basicLogger - INFO - b'{"type": "xrayInfo", "datetime": "2020 -02-27T09:15:16", "payload": {"patient_id": "gzznwddwcm", "result": "wbwtevcjbheflkykmbvw", "timestamp": "2022-01-09T18:51:16.953Z"}}'
2020-02-27 09:15:17,710 - basicLogger - INFO - b'{"type": "surgeryInfo", "datetime": "2020 -02-27T09:15:17", "payload": {"patient_id": "nhqtbbwumw", "bookingDate": "2021-01-09T18:51:16.953Z", "surgeryDate": "2021-28-09T18:51:16.953Z"}}'
2020-02-27 09:15:17,855 - basicLogger - INFO - b'{"type": "surgeryInfo", "datetime": "2020 -02-27T09:15:17", "payload": {"patient_id": "yxwpqbtoej", "bookingDate": "2021-01-09T18:51:16.953Z", "surgeryDate": "2021-28-09T18:51:16.953Z"}}'
2020-02-27 09:15:17,878 - basicLogger - INFO - b'{"type": "surgeryInfo", "datetime": "2020 -02-27T09:15:17", "payload": {"patient_id": "jqxijvighf", "bookingDate": "2021-01-09T18:51:16.953Z", "surgeryDate": "2021-28-09T18:51:16.953Z"}}'
2020-02-27 09:15:17,959 - basicLogger - INFO - b'{"type": "surgeryInfo", "datetime": "2020 -02-27T09:15:17", "payload": {"patient_id": "aqjqjfawlz", "bookingDate": "2021-01-09T18:51:16.953Z", "surgeryDate": "2021-28-09T18:51:16.953Z"}}'
2020-02-27 09:15:18,106 - basicLogger - INFO - b'{"type": "surgeryInfo", "datetime": "2020 -02-27T09:15:18", "payload": {"patient_id": "gccoujuhck", "bookingDate": "2021-01-09T18:51:16.953Z", "surgeryDate": "2021-28-09T18:51:16.953Z"}}'
2020-02-27 09:15:18,289 - basicLogger - INFO - b'{"type": "surgeryInfo", "datetime": "2020 -02-27T09:15:18", "payload": {"patient_id": "luwpkwuitt", "bookingDate": "2021-01-09T18:51:16.953Z", "surgeryDate": "2021-28-09T18:51:16.953Z"}}'
2020-02-27 09:15:18,307 - basicLogger - INFO - b'{"type": "surgeryInfo", "datetime": "2020 -02-27T09:15:18", "payload": {"patient_id": "catqspltwq", "bookingDate": "2021-01-09T18:51:16.953Z", "surgeryDate": "2021-28-09T18:51:16.953Z"}}'
2020-02-27 09:15:18,405 - basicLogger - INFO - b'{"type": "surgeryInfo", "datetime": "2020 -02-27T09:15:18", "payload": {"patient_id": "pqzbahtdyb", "bookingDate": "2021-01-09T18:51:16.953Z", "surgeryDate": "2021-28-09T18:51:16.953Z"}}'
2020-02-27 09:15:18,502 - basicLogger - INFO - b'{"type": "surgeryInfo", "datetime": "2020 -02-27T09:15:18", "payload": {"patient_id": "favvqudqpy", "bookingDate": "2021-01-09T18:51:16.953Z", "surgeryDate": "2021-28-09T18:51:16.953Z"}}'
2020-02-27 09:15:19,778 - basicLogger - INFO - b'{"type": "xrayInfo", "datetime": "2020 -02-27T09:15:19", "payload": {"patient_id": "rkkpktfjss", "result": "mhrlmrygoswgaojmylxu", "timestamp": "2022-01-09T18:51:16.953Z"}}'
2020-02-27 09:15:19,926 - basicLogger - INFO - b'{"type": "xrayInfo", "datetime": "2020 -02-27T09:15:19", "payload": {"patient_id": "sutaomohrm", "result": "hjmxfnrmzriloraugevg", "timestamp": "2022-01-09T18:51:16.953Z"}}'
2020-02-27 09:15:19,947 - basicLogger - INFO - b'{"type": "xrayInfo", "datetime": "2020 -02-27T09:15:19", "payload": {"patient_id": "bweocrapkn", "result": "invqaswrtjscclmujfgi", "timestamp": "2022-01-09T18:51:16.953Z"}}'
2020-02-27 09:15:20,023 - basicLogger - INFO - b'{"type": "xrayInfo", "datetime": "2020 -02-27T09:15:20", "payload": {"patient_id": "qvrknhavvm", "result": "jhbhzsvvpfelbvtbgxah", "timestamp": "2022-01-09T18:51:16.953Z"}}'
2020-02-27 09:15:20,178 - basicLogger - INFO - b'{"type": "xrayInfo", "datetime": "2020 -02-27T09:15:20", "payload": {"patient_id": "yzmprplfeb", "result": "npsttilydigfsyjsadoo", "timestamp": "2022-01-09T18:51:16.953Z"}}'
2020-02-27 09:15:20,346 - basicLogger - INFO - b'{"type": "xrayInfo", "datetime": "2020 -02-27T09:15:20", "payload": {"patient_id": "bdkbuaupmk", "result": "mclboewplenpxxnwddkq", "timestamp": "2022-01-09T18:51:16.953Z"}}'
2020-02-27 09:15:20,369 - basicLogger - INFO - b'{"type": "xrayInfo", "datetime": "2020 -02-27T09:15:20", "payload": {"patient_id": "gdfsfynsyg", "result": "ocalrcpspjrjiyebhnpi", "timestamp": "2022-01-09T18:51:16.953Z"}}'
2020-02-27 09:15:20,475 - basicLogger - INFO - b'{"type": "xrayInfo", "datetime": "2020 -02-27T09:15:20", "payload": {"patient_id": "eyapwkuazn", "result": "hbbdrfwskbszxyfhcskx", "timestamp": "2022-01-09T18:51:16.953Z"}}'
2020-02-27 09:15:20,546 - basicLogger - INFO - b'{"type": "xrayInfo", "datetime": "2020 -02-27T09:15:20", "payload": {"patient_id": "zjbpgcpyfa", "result": "ndekpgmqxnlhxczydcxu", "timestamp": "2022-01-09T18:51:16.953Z"}}'
2020-02-27 09:15:21,845 - basicLogger - INFO - b'{"type": "surgeryInfo", "datetime": "2020 -02-27T09:15:21", "payload": {"patient_id": "emogolezhw", "bookingDate": "2021-01-09T18:51:16.953Z", "surgeryDate": "2021-28-09T18:51:16.953Z"}}'
2020-02-27 09:15:21,983 - basicLogger - INFO - b'{"type": "surgeryInfo", "datetime": "2020 -02-27T09:15:21", "payload": {"patient_id": "ksnbezebab", "bookingDate": "2021-01-09T18:51:16.953Z", "surgeryDate": "2021-28-09T18:51:16.953Z"}}'
2020-02-27 09:15:22,001 - basicLogger - INFO - b'{"type": "surgeryInfo", "datetime": "2020 -02-27T09:15:22", "payload": {"patient_id": "fvgsqnojjw", "bookingDate": "2021-01-09T18:51:16.953Z", "surgeryDate": "2021-28-09T18:51:16.953Z"}}'
2020-02-27 09:15:22,092 - basicLogger - INFO - b'{"type": "surgeryInfo", "datetime": "2020 -02-27T09:15:22", "payload": {"patient_id": "zjnhzepnxi", "bookingDate": "2021-01-09T18:51:16.953Z", "surgeryDate": "2021-28-09T18:51:16.953Z"}}'
2020-02-27 09:15:22,231 - basicLogger - INFO - b'{"type": "surgeryInfo", "datetime": "2020 -02-27T09:15:22", "payload": {"patient_id": "qkeegppdez", "bookingDate": "2021-01-09T18:51:16.953Z", "surgeryDate": "2021-28-09T18:51:16.953Z"}}'
2020-02-27 09:15:22,410 - basicLogger - INFO - b'{"type": "surgeryInfo", "datetime": "2020 -02-27T09:15:22", "payload": {"patient_id": "bkvhgpxbqg", "bookingDate": "2021-01-09T18:51:16.953Z", "surgeryDate": "2021-28-09T18:51:16.953Z"}}'
2020-02-27 09:15:22,420 - basicLogger - INFO - b'{"type": "surgeryInfo", "datetime": "2020 -02-27T09:15:22", "payload": {"patient_id": "vtoyvkcthl", "bookingDate": "2021-01-09T18:51:16.953Z", "surgeryDate": "2021-28-09T18:51:16.953Z"}}'
2020-02-27 09:15:22,547 - basicLogger - INFO - b'{"type": "surgeryInfo", "datetime": "2020 -02-27T09:15:22", "payload": {"patient_id": "zvemefclxc", "bookingDate": "2021-01-09T18:51:16.953Z", "surgeryDate": "2021-28-09T18:51:16.953Z"}}'
2020-02-27 09:15:22,616 - basicLogger - INFO - b'{"type": "surgeryInfo", "datetime": "2020 -02-27T09:15:22", "payload": {"patient_id": "bnzicnpbqi", "bookingDate": "2021-01-09T18:51:16.953Z", "surgeryDate": "2021-28-09T18:51:16.953Z"}}'
2020-02-27 09:15:23,932 - basicLogger - INFO - b'{"type": "xrayInfo", "datetime": "2020 -02-27T09:15:23", "payload": {"patient_id": "yqtlelssch", "result": "mbezdscyuvhobjvmlbor", "timestamp": "2022-01-09T18:51:16.953Z"}}'
2020-02-27 09:15:24,054 - basicLogger - INFO - b'{"type": "xrayInfo", "datetime": "2020 -02-27T09:15:24", "payload": {"patient_id": "xdznvlnbmt", "result": "sbxvtyrfvisvmmgoegpr", "timestamp": "2022-01-09T18:51:16.953Z"}}'
2020-02-27 09:15:24,086 - basicLogger - INFO - b'{"type": "xrayInfo", "datetime": "2020 -02-27T09:15:24", "payload": {"patient_id": "psyvvuxcrw", "result": "ddsoszfssfnlnuucswxq", "timestamp": "2022-01-09T18:51:16.953Z"}}'
2020-02-27 09:15:24,166 - basicLogger - INFO - b'{"type": "xrayInfo", "datetime": "2020 -02-27T09:15:24", "payload": {"patient_id": "txmvlusoqk", "result": "xkwumycoylefnovizgmx", "timestamp": "2022-01-09T18:51:16.953Z"}}'
2020-02-27 09:15:24,299 - basicLogger - INFO - b'{"type": "xrayInfo", "datetime": "2020 -02-27T09:15:24", "payload": {"patient_id": "qoaymtidlr", "result": "taeibsfoinabiwuslyql", "timestamp": "2022-01-09T18:51:16.953Z"}}'
2020-02-27 09:15:24,480 - basicLogger - INFO - b'{"type": "xrayInfo", "datetime": "2020 -02-27T09:15:24", "payload": {"patient_id": "arjsnmajnq", "result": "nevsbfbbszhknblbyncb", "timestamp": "2022-01-09T18:51:16.953Z"}}'
2020-02-27 09:15:24,496 - basicLogger - INFO - b'{"type": "xrayInfo", "datetime": "2020 -02-27T09:15:24", "payload": {"patient_id": "tbjyhmipet", "result": "yoxsgmhawiraguoyldbc", "timestamp": "2022-01-09T18:51:16.953Z"}}'
2020-02-27 09:15:24,618 - basicLogger - INFO - b'{"type": "xrayInfo", "datetime": "2020 -02-27T09:15:24", "payload": {"patient_id": "tyawbjxwst", "result": "sxyfnjhhtqfyzuymyeji", "timestamp": "2022-01-09T18:51:16.953Z"}}'
2020-02-27 09:15:24,691 - basicLogger - INFO - b'{"type": "xrayInfo", "datetime": "2020 -02-27T09:15:24", "payload": {"patient_id": "mktoocbglo", "result": "rcvmnbjiiflkejllsybd", "timestamp": "2022-01-09T18:51:16.953Z"}}'
2020-02-27 09:15:25,998 - basicLogger - INFO - b'{"type": "surgeryInfo", "datetime": "2020 -02-27T09:15:25", "payload": {"patient_id": "uxmerhbhfg", "bookingDate": "2021-01-09T18:51:16.953Z", "surgeryDate": "2021-28-09T18:51:16.953Z"}}'
2020-02-27 09:15:26,106 - basicLogger - INFO - b'{"type": "surgeryInfo", "datetime": "2020 -02-27T09:15:26", "payload": {"patient_id": "xwcwjikliu", "bookingDate": "2021-01-09T18:51:16.953Z", "surgeryDate": "2021-28-09T18:51:16.953Z"}}'
2020-02-27 09:15:26,141 - basicLogger - INFO - b'{"type": "surgeryInfo", "datetime": "2020 -02-27T09:15:26", "payload": {"patient_id": "onmvednstf", "bookingDate": "2021-01-09T18:51:16.953Z", "surgeryDate": "2021-28-09T18:51:16.953Z"}}'
2020-02-27 09:15:26,210 - basicLogger - INFO - b'{"type": "surgeryInfo", "datetime": "2020 -02-27T09:15:26", "payload": {"patient_id": "ndqplcyand", "bookingDate": "2021-01-09T18:51:16.953Z", "surgeryDate": "2021-28-09T18:51:16.953Z"}}'
2020-02-27 09:15:26,340 - basicLogger - INFO - b'{"type": "surgeryInfo", "datetime": "2020 -02-27T09:15:26", "payload": {"patient_id": "bqyqjenbbf", "bookingDate": "2021-01-09T18:51:16.953Z", "surgeryDate": "2021-28-09T18:51:16.953Z"}}'
2020-02-27 09:15:26,524 - basicLogger - INFO - b'{"type": "surgeryInfo", "datetime": "2020 -02-27T09:15:26", "payload": {"patient_id": "ncvqatwhfn", "bookingDate": "2021-01-09T18:51:16.953Z", "surgeryDate": "2021-28-09T18:51:16.953Z"}}'
2020-02-27 09:15:26,553 - basicLogger - INFO - b'{"type": "surgeryInfo", "datetime": "2020 -02-27T09:15:26", "payload": {"patient_id": "subokpgntt", "bookingDate": "2021-01-09T18:51:16.953Z", "surgeryDate": "2021-28-09T18:51:16.953Z"}}'
2020-02-27 09:15:26,655 - basicLogger - INFO - b'{"type": "surgeryInfo", "datetime": "2020 -02-27T09:15:26", "payload": {"patient_id": "gwvvjgtibs", "bookingDate": "2021-01-09T18:51:16.953Z", "surgeryDate": "2021-28-09T18:51:16.953Z"}}'
2020-02-27 09:15:26,728 - basicLogger - INFO - b'{"type": "surgeryInfo", "datetime": "2020 -02-27T09:15:26", "payload": {"patient_id": "pqaeesteaj", "bookingDate": "2021-01-09T18:51:16.953Z", "surgeryDate": "2021-28-09T18:51:16.953Z"}}'
2020-02-27 09:15:28,071 - basicLogger - INFO - b'{"type": "xrayInfo", "datetime": "2020 -02-27T09:15:28", "payload": {"patient_id": "ulirkzqiqf", "result": "rfcvnksglwhsckptbfqh", "timestamp": "2022-01-09T18:51:16.953Z"}}'
2020-02-27 09:15:28,188 - basicLogger - INFO - b'{"type": "xrayInfo", "datetime": "2020 -02-27T09:15:28", "payload": {"patient_id": "sixbeokkmc", "result": "pheitdptgcmkwsxbubmc", "timestamp": "2022-01-09T18:51:16.953Z"}}'
2020-02-27 09:15:28,206 - basicLogger - INFO - b'{"type": "xrayInfo", "datetime": "2020 -02-27T09:15:28", "payload": {"patient_id": "xeqxepyrpb", "result": "eipmmfeprhizsolqxgdr", "timestamp": "2022-01-09T18:51:16.953Z"}}'
2020-02-27 09:15:28,276 - basicLogger - INFO - b'{"type": "xrayInfo", "datetime": "2020 -02-27T09:15:28", "payload": {"patient_id": "krhcymssze", "result": "hnclhgcffzlfyonrcbwl", "timestamp": "2022-01-09T18:51:16.953Z"}}'
2020-02-27 09:15:28,407 - basicLogger - INFO - b'{"type": "xrayInfo", "datetime": "2020 -02-27T09:15:28", "payload": {"patient_id": "kciedtrwll", "result": "larkiemfcwojjoqbrzjn", "timestamp": "2022-01-09T18:51:16.953Z"}}'
2020-02-27 09:15:28,609 - basicLogger - INFO - b'{"type": "xrayInfo", "datetime": "2020 -02-27T09:15:28", "payload": {"patient_id": "ufiqzhzvsn", "result": "ztxdyhmmybukortfrvqw", "timestamp": "2022-01-09T18:51:16.953Z"}}'
2020-02-27 09:15:28,611 - basicLogger - INFO - b'{"type": "xrayInfo", "datetime": "2020 -02-27T09:15:28", "payload": {"patient_id": "bjjycdowvx", "result": "hhiyztueyjiqidbtdiky", "timestamp": "2022-01-09T18:51:16.953Z"}}'
2020-02-27 09:15:28,728 - basicLogger - INFO - b'{"type": "xrayInfo", "datetime": "2020 -02-27T09:15:28", "payload": {"patient_id": "lwojzhspzl", "result": "rhrkcnesjpgqhqrxjacu", "timestamp": "2022-01-09T18:51:16.953Z"}}'
2020-02-27 09:15:28,806 - basicLogger - INFO - b'{"type": "xrayInfo", "datetime": "2020 -02-27T09:15:28", "payload": {"patient_id": "jzhfndopac", "result": "abwphcvjidopwcbhlzui", "timestamp": "2022-01-09T18:51:16.953Z"}}'
2020-02-27 09:15:30,136 - basicLogger - INFO - b'{"type": "surgeryInfo", "datetime": "2020 -02-27T09:15:30", "payload": {"patient_id": "qibnhasquo", "bookingDate": "2021-01-09T18:51:16.953Z", "surgeryDate": "2021-28-09T18:51:16.953Z"}}'
2020-02-27 09:15:30,250 - basicLogger - INFO - b'{"type": "surgeryInfo", "datetime": "2020 -02-27T09:15:30", "payload": {"patient_id": "reighlzkrs", "bookingDate": "2021-01-09T18:51:16.953Z", "surgeryDate": "2021-28-09T18:51:16.953Z"}}'
2020-02-27 09:15:30,256 - basicLogger - INFO - b'{"type": "surgeryInfo", "datetime": "2020 -02-27T09:15:30", "payload": {"patient_id": "deowmosjqb", "bookingDate": "2021-01-09T18:51:16.953Z", "surgeryDate": "2021-28-09T18:51:16.953Z"}}'
2020-02-27 09:15:30,340 - basicLogger - INFO - b'{"type": "surgeryInfo", "datetime": "2020 -02-27T09:15:30", "payload": {"patient_id": "wxwbnpintg", "bookingDate": "2021-01-09T18:51:16.953Z", "surgeryDate": "2021-28-09T18:51:16.953Z"}}'
2020-02-27 09:15:30,465 - basicLogger - INFO - b'{"type": "surgeryInfo", "datetime": "2020 -02-27T09:15:30", "payload": {"patient_id": "unmfugilye", "bookingDate": "2021-01-09T18:51:16.953Z", "surgeryDate": "2021-28-09T18:51:16.953Z"}}'
2020-02-27 09:15:30,679 - basicLogger - INFO - b'{"type": "surgeryInfo", "datetime": "2020 -02-27T09:15:30", "payload": {"patient_id": "rztmiuxtft", "bookingDate": "2021-01-09T18:51:16.953Z", "surgeryDate": "2021-28-09T18:51:16.953Z"}}'
2020-02-27 09:15:30,694 - basicLogger - INFO - b'{"type": "surgeryInfo", "datetime": "2020 -02-27T09:15:30", "payload": {"patient_id": "urqiasevbc", "bookingDate": "2021-01-09T18:51:16.953Z", "surgeryDate": "2021-28-09T18:51:16.953Z"}}'
2020-02-27 09:15:30,792 - basicLogger - INFO - b'{"type": "surgeryInfo", "datetime": "2020 -02-27T09:15:30", "payload": {"patient_id": "hzrfyxhvhq", "bookingDate": "2021-01-09T18:51:16.953Z", "surgeryDate": "2021-28-09T18:51:16.953Z"}}'
2020-02-27 09:15:30,865 - basicLogger - INFO - b'{"type": "surgeryInfo", "datetime": "2020 -02-27T09:15:30", "payload": {"patient_id": "ylubiihtac", "bookingDate": "2021-01-09T18:51:16.953Z", "surgeryDate": "2021-28-09T18:51:16.953Z"}}'
2020-02-27 09:15:32,180 - basicLogger - INFO - b'{"type": "xrayInfo", "datetime": "2020 -02-27T09:15:32", "payload": {"patient_id": "jktfgbpvrm", "result": "qfadnhhsjpuxkiqoosex", "timestamp": "2022-01-09T18:51:16.953Z"}}'
2020-02-27 09:15:32,313 - basicLogger - INFO - b'{"type": "xrayInfo", "datetime": "2020 -02-27T09:15:32", "payload": {"patient_id": "uqkprepfdf", "result": "qnykxjpqjpvjawsmipni", "timestamp": "2022-01-09T18:51:16.953Z"}}'
2020-02-27 09:15:32,317 - basicLogger - INFO - b'{"type": "xrayInfo", "datetime": "2020 -02-27T09:15:32", "payload": {"patient_id": "fbjhvlukae", "result": "wmtyzvrcpahunjgrlufz", "timestamp": "2022-01-09T18:51:16.953Z"}}'
2020-02-27 09:15:32,375 - basicLogger - INFO - b'{"type": "xrayInfo", "datetime": "2020 -02-27T09:15:32", "payload": {"patient_id": "whsqbemzzr", "result": "temeugwaatissdkbuwde", "timestamp": "2022-01-09T18:51:16.953Z"}}'
2020-02-27 09:15:32,518 - basicLogger - INFO - b'{"type": "xrayInfo", "datetime": "2020 -02-27T09:15:32", "payload": {"patient_id": "akixcffiyz", "result": "vrpehpuqrgiquaahgxup", "timestamp": "2022-01-09T18:51:16.953Z"}}'
2020-02-27 09:15:32,747 - basicLogger - INFO - b'{"type": "xrayInfo", "datetime": "2020 -02-27T09:15:32", "payload": {"patient_id": "tpoigrtmjz", "result": "umakihhkanaptgsuyhkj", "timestamp": "2022-01-09T18:51:16.953Z"}}'
2020-02-27 09:15:32,749 - basicLogger - INFO - b'{"type": "xrayInfo", "datetime": "2020 -02-27T09:15:32", "payload": {"patient_id": "elzjnoqmwv", "result": "idsmtecrlppzhmyoorch", "timestamp": "2022-01-09T18:51:16.953Z"}}'
2020-02-27 09:15:32,867 - basicLogger - INFO - b'{"type": "xrayInfo", "datetime": "2020 -02-27T09:15:32", "payload": {"patient_id": "vaacjyymvf", "result": "swyagbijkugfaoqrmkam", "timestamp": "2022-01-09T18:51:16.953Z"}}'
2020-02-27 09:15:32,969 - basicLogger - INFO - b'{"type": "xrayInfo", "datetime": "2020 -02-27T09:15:32", "payload": {"patient_id": "wwyenwbumx", "result": "eyumjevkqiowxwdpvbrm", "timestamp": "2022-01-09T18:51:16.953Z"}}'
2020-02-27 09:15:34,250 - basicLogger - INFO - b'{"type": "surgeryInfo", "datetime": "2020 -02-27T09:15:34", "payload": {"patient_id": "ezcvgwsuqk", "bookingDate": "2021-01-09T18:51:16.953Z", "surgeryDate": "2021-28-09T18:51:16.953Z"}}'
2020-02-27 09:15:34,382 - basicLogger - INFO - b'{"type": "surgeryInfo", "datetime": "2020 -02-27T09:15:34", "payload": {"patient_id": "yvnfnenrcm", "bookingDate": "2021-01-09T18:51:16.953Z", "surgeryDate": "2021-28-09T18:51:16.953Z"}}'
2020-02-27 09:15:34,398 - basicLogger - INFO - b'{"type": "surgeryInfo", "datetime": "2020 -02-27T09:15:34", "payload": {"patient_id": "kxjjhprkvn", "bookingDate": "2021-01-09T18:51:16.953Z", "surgeryDate": "2021-28-09T18:51:16.953Z"}}'
2020-02-27 09:15:34,461 - basicLogger - INFO - b'{"type": "surgeryInfo", "datetime": "2020 -02-27T09:15:34", "payload": {"patient_id": "fuuzyzepvk", "bookingDate": "2021-01-09T18:51:16.953Z", "surgeryDate": "2021-28-09T18:51:16.953Z"}}'
2020-02-27 09:15:34,576 - basicLogger - INFO - b'{"type": "surgeryInfo", "datetime": "2020 -02-27T09:15:34", "payload": {"patient_id": "evtdujtnuy", "bookingDate": "2021-01-09T18:51:16.953Z", "surgeryDate": "2021-28-09T18:51:16.953Z"}}'
2020-02-27 09:15:34,808 - basicLogger - INFO - b'{"type": "surgeryInfo", "datetime": "2020 -02-27T09:15:34", "payload": {"patient_id": "xsbpiyywtp", "bookingDate": "2021-01-09T18:51:16.953Z", "surgeryDate": "2021-28-09T18:51:16.953Z"}}'
2020-02-27 09:15:34,824 - basicLogger - INFO - b'{"type": "surgeryInfo", "datetime": "2020 -02-27T09:15:34", "payload": {"patient_id": "zdweghwdzk", "bookingDate": "2021-01-09T18:51:16.953Z", "surgeryDate": "2021-28-09T18:51:16.953Z"}}'
2020-02-27 09:15:34,921 - basicLogger - INFO - b'{"type": "surgeryInfo", "datetime": "2020 -02-27T09:15:34", "payload": {"patient_id": "jzekofazlz", "bookingDate": "2021-01-09T18:51:16.953Z", "surgeryDate": "2021-28-09T18:51:16.953Z"}}'
2020-02-27 09:15:35,053 - basicLogger - INFO - b'{"type": "surgeryInfo", "datetime": "2020 -02-27T09:15:35", "payload": {"patient_id": "ueftrkjwuo", "bookingDate": "2021-01-09T18:51:16.953Z", "surgeryDate": "2021-28-09T18:51:16.953Z"}}'
2020-02-27 09:15:36,313 - basicLogger - INFO - b'{"type": "xrayInfo", "datetime": "2020 -02-27T09:15:36", "payload": {"patient_id": "aoirtziklf", "result": "myxxomjbmwaajxkkxvpr", "timestamp": "2022-01-09T18:51:16.953Z"}}'
2020-02-27 09:15:36,446 - basicLogger - INFO - b'{"type": "xrayInfo", "datetime": "2020 -02-27T09:15:36", "payload": {"patient_id": "pbeknjtrmh", "result": "khqzzgnmwjxdmakmzvuf", "timestamp": "2022-01-09T18:51:16.953Z"}}'
2020-02-27 09:15:36,474 - basicLogger - INFO - b'{"type": "xrayInfo", "datetime": "2020 -02-27T09:15:36", "payload": {"patient_id": "zrplagdjef", "result": "ibmwqqfttywofkxqgyhu", "timestamp": "2022-01-09T18:51:16.953Z"}}'
2020-02-27 09:15:36,536 - basicLogger - INFO - b'{"type": "xrayInfo", "datetime": "2020 -02-27T09:15:36", "payload": {"patient_id": "vsskrngbtk", "result": "glkirdttwdvbiswyeoxi", "timestamp": "2022-01-09T18:51:16.953Z"}}'
2020-02-27 09:15:36,651 - basicLogger - INFO - b'{"type": "xrayInfo", "datetime": "2020 -02-27T09:15:36", "payload": {"patient_id": "scjybvlutb", "result": "jkebkxfjfkjlteqnnxlw", "timestamp": "2022-01-09T18:51:16.953Z"}}'
2020-02-27 09:15:36,876 - basicLogger - INFO - b'{"type": "xrayInfo", "datetime": "2020 -02-27T09:15:36", "payload": {"patient_id": "ivqgjvbpqm", "result": "gpknvuhlxhfwlyemxwrn", "timestamp": "2022-01-09T18:51:16.953Z"}}'
2020-02-27 09:15:36,895 - basicLogger - INFO - b'{"type": "xrayInfo", "datetime": "2020 -02-27T09:15:36", "payload": {"patient_id": "idmvehkpsd", "result": "hqpyobdanzrpjlzphkiq", "timestamp": "2022-01-09T18:51:16.953Z"}}'
2020-02-27 09:15:36,990 - basicLogger - INFO - b'{"type": "xrayInfo", "datetime": "2020 -02-27T09:15:36", "payload": {"patient_id": "xhyhlhfmvl", "result": "ylmhhiefulhkijyaqjai", "timestamp": "2022-01-09T18:51:16.953Z"}}'
2020-02-27 09:15:37,107 - basicLogger - INFO - b'{"type": "xrayInfo", "datetime": "2020 -02-27T09:15:37", "payload": {"patient_id": "dyujgeomnb", "result": "ndxjtwuaovyrcgbeuckk", "timestamp": "2022-01-09T18:51:16.953Z"}}'
2020-02-27 09:15:38,389 - basicLogger - INFO - b'{"type": "surgeryInfo", "datetime": "2020 -02-27T09:15:38", "payload": {"patient_id": "qtwlessdzu", "bookingDate": "2021-01-09T18:51:16.953Z", "surgeryDate": "2021-28-09T18:51:16.953Z"}}'
2020-02-27 09:15:38,516 - basicLogger - INFO - b'{"type": "surgeryInfo", "datetime": "2020 -02-27T09:15:38", "payload": {"patient_id": "lhrhtrowcr", "bookingDate": "2021-01-09T18:51:16.953Z", "surgeryDate": "2021-28-09T18:51:16.953Z"}}'
2020-02-27 09:15:38,566 - basicLogger - INFO - b'{"type": "surgeryInfo", "datetime": "2020 -02-27T09:15:38", "payload": {"patient_id": "fkcrsggkeg", "bookingDate": "2021-01-09T18:51:16.953Z", "surgeryDate": "2021-28-09T18:51:16.953Z"}}'
2020-02-27 09:15:38,605 - basicLogger - INFO - b'{"type": "surgeryInfo", "datetime": "2020 -02-27T09:15:38", "payload": {"patient_id": "kmkxwtnlce", "bookingDate": "2021-01-09T18:51:16.953Z", "surgeryDate": "2021-28-09T18:51:16.953Z"}}'
2020-02-27 09:15:38,706 - basicLogger - INFO - b'{"type": "surgeryInfo", "datetime": "2020 -02-27T09:15:38", "payload": {"patient_id": "udalsxekqw", "bookingDate": "2021-01-09T18:51:16.953Z", "surgeryDate": "2021-28-09T18:51:16.953Z"}}'
2020-02-27 09:15:38,955 - basicLogger - INFO - b'{"type": "surgeryInfo", "datetime": "2020 -02-27T09:15:38", "payload": {"patient_id": "rjyuwgulek", "bookingDate": "2021-01-09T18:51:16.953Z", "surgeryDate": "2021-28-09T18:51:16.953Z"}}'
2020-02-27 09:15:38,956 - basicLogger - INFO - b'{"type": "surgeryInfo", "datetime": "2020 -02-27T09:15:38", "payload": {"patient_id": "nqcdhpizmf", "bookingDate": "2021-01-09T18:51:16.953Z", "surgeryDate": "2021-28-09T18:51:16.953Z"}}'
2020-02-27 09:15:39,037 - basicLogger - INFO - b'{"type": "surgeryInfo", "datetime": "2020 -02-27T09:15:39", "payload": {"patient_id": "bpaygxfnqs", "bookingDate": "2021-01-09T18:51:16.953Z", "surgeryDate": "2021-28-09T18:51:16.953Z"}}'
2020-02-27 09:15:39,145 - basicLogger - INFO - b'{"type": "surgeryInfo", "datetime": "2020 -02-27T09:15:39", "payload": {"patient_id": "mildqzvlfg", "bookingDate": "2021-01-09T18:51:16.953Z", "surgeryDate": "2021-28-09T18:51:16.953Z"}}'
2020-02-27 09:15:44,172 - basicLogger - INFO - b'{"type": "xrayInfo", "datetime": "2020 -02-27T09:15:44", "payload": {"patient_id": "owtgdqolmw", "result": "vmmlanoqxlsywpzkppdb", "timestamp": "2022-01-09T18:51:16.953Z"}}'
2020-02-27 09:15:51,207 - basicLogger - INFO - b'{"type": "surgeryInfo", "datetime": "2020 -02-27T09:15:51", "payload": {"patient_id": "plwhewuecp", "bookingDate": "2021-01-09T18:51:16.953Z", "surgeryDate": "2021-28-09T18:51:16.953Z"}}'
2020-02-27 09:15:56,242 - basicLogger - INFO - b'{"type": "xrayInfo", "datetime": "2020 -02-27T09:15:56", "payload": {"patient_id": "cdtfjhjblc", "result": "edhfoiydygdyclqhedmh", "timestamp": "2022-01-09T18:51:16.953Z"}}'
2020-02-27 09:16:03,292 - basicLogger - INFO - b'{"type": "surgeryInfo", "datetime": "2020 -02-27T09:16:03", "payload": {"patient_id": "scupymypsi", "bookingDate": "2021-01-09T18:51:16.953Z", "surgeryDate": "2021-28-09T18:51:16.953Z"}}'
2020-02-27 09:16:08,326 - basicLogger - INFO - b'{"type": "xrayInfo", "datetime": "2020 -02-27T09:16:08", "payload": {"patient_id": "cswsyktvjh", "result": "rkqpjgypdxoszbumhmrt", "timestamp": "2022-01-09T18:51:16.953Z"}}'
2020-02-27 09:16:15,391 - basicLogger - INFO - b'{"type": "surgeryInfo", "datetime": "2020 -02-27T09:16:15", "payload": {"patient_id": "euvpghdcnf", "bookingDate": "2021-01-09T18:51:16.953Z", "surgeryDate": "2021-28-09T18:51:16.953Z"}}'
2020-02-27 09:16:20,463 - basicLogger - INFO - b'{"type": "xrayInfo", "datetime": "2020 -02-27T09:16:20", "payload": {"patient_id": "setvoafvvz", "result": "mmpbugfmnrywjhgbvaee", "timestamp": "2022-01-09T18:51:16.953Z"}}'
2020-02-27 09:16:27,547 - basicLogger - INFO - b'{"type": "surgeryInfo", "datetime": "2020 -02-27T09:16:27", "payload": {"patient_id": "cosaswfyza", "bookingDate": "2021-01-09T18:51:16.953Z", "surgeryDate": "2021-28-09T18:51:16.953Z"}}'
2020-02-27 09:16:34,548 - basicLogger - INFO - b'{"type": "xrayInfo", "datetime": "2020 -02-27T09:16:34", "payload": {"patient_id": "itpbozcrzd", "result": "mbxkspcupmpimaylezbm", "timestamp": "2022-01-09T18:51:16.953Z"}}'
2020-02-27 09:16:41,612 - basicLogger - INFO - b'{"type": "surgeryInfo", "datetime": "2020 -02-27T09:16:41", "payload": {"patient_id": "zwijzkbbxa", "bookingDate": "2021-01-09T18:51:16.953Z", "surgeryDate": "2021-28-09T18:51:16.953Z"}}'
2020-02-27 09:16:46,647 - basicLogger - INFO - b'{"type": "xrayInfo", "datetime": "2020 -02-27T09:16:46", "payload": {"patient_id": "bxipwymcxj", "result": "khjzrcfivsibaakewzfz", "timestamp": "2022-01-09T18:51:16.953Z"}}'
2020-02-27 09:16:53,712 - basicLogger - INFO - b'{"type": "surgeryInfo", "datetime": "2020 -02-27T09:16:53", "payload": {"patient_id": "bddaycblts", "bookingDate": "2021-01-09T18:51:16.953Z", "surgeryDate": "2021-28-09T18:51:16.953Z"}}'
2020-02-27 09:16:58,738 - basicLogger - INFO - b'{"type": "xrayInfo", "datetime": "2020 -02-27T09:16:58", "payload": {"patient_id": "iqnnxgpfih", "result": "cqqriijqwsdmnvqtvuno", "timestamp": "2022-01-09T18:51:16.953Z"}}'
2020-02-27 09:17:05,801 - basicLogger - INFO - b'{"type": "surgeryInfo", "datetime": "2020 -02-27T09:17:05", "payload": {"patient_id": "ndalxjpwcw", "bookingDate": "2021-01-09T18:51:16.953Z", "surgeryDate": "2021-28-09T18:51:16.953Z"}}'
2020-02-27 09:17:10,836 - basicLogger - INFO - b'{"type": "xrayInfo", "datetime": "2020 -02-27T09:17:10", "payload": {"patient_id": "wjoflzpvrb", "result": "qtdaobfgbfoozvkqznio", "timestamp": "2022-01-09T18:51:16.953Z"}}'
2020-02-27 09:17:17,893 - basicLogger - INFO - b'{"type": "surgeryInfo", "datetime": "2020 -02-27T09:17:17", "payload": {"patient_id": "zdsrnncroc", "bookingDate": "2021-01-09T18:51:16.953Z", "surgeryDate": "2021-28-09T18:51:16.953Z"}}'
2020-02-27 09:17:22,928 - basicLogger - INFO - b'{"type": "xrayInfo", "datetime": "2020 -02-27T09:17:22", "payload": {"patient_id": "txidampgdv", "result": "azvbeaprqbavflwtzqmx", "timestamp": "2022-01-09T18:51:16.953Z"}}'
2020-02-27 09:17:29,973 - basicLogger - INFO - b'{"type": "surgeryInfo", "datetime": "2020 -02-27T09:17:29", "payload": {"patient_id": "qdlmtxesyk", "bookingDate": "2021-01-09T18:51:16.953Z", "surgeryDate": "2021-28-09T18:51:16.953Z"}}'
2020-02-27 09:17:35,024 - basicLogger - INFO - b'{"type": "xrayInfo", "datetime": "2020 -02-27T09:17:35", "payload": {"patient_id": "xasbgoidie", "result": "ubffantbdnvrgnurjhba", "timestamp": "2022-01-09T18:51:16.953Z"}}'
2020-02-27 09:17:42,077 - basicLogger - INFO - b'{"type": "surgeryInfo", "datetime": "2020 -02-27T09:17:42", "payload": {"patient_id": "xyulunvlin", "bookingDate": "2021-01-09T18:51:16.953Z", "surgeryDate": "2021-28-09T18:51:16.953Z"}}'
2020-02-27 09:18:20,933 - basicLogger - INFO - b'{"type": "xrayInfo", "datetime": "2020 -02-27T09:18:20", "payload": {"patient_id": "iwtqxtavpk", "result": "peytwjoukzlhwxdpjdve", "timestamp": "2022-01-09T18:51:16.953Z"}}'
2020-02-27 09:18:21,035 - basicLogger - INFO - b'{"type": "xrayInfo", "datetime": "2020 -02-27T09:18:21", "payload": {"patient_id": "wsqlxasaaw", "result": "zildxoyscdzjsrcddkri", "timestamp": "2022-01-09T18:51:16.953Z"}}'
2020-02-27 09:18:21,233 - basicLogger - INFO - b'{"type": "xrayInfo", "datetime": "2020 -02-27T09:18:21", "payload": {"patient_id": "owxgoecaho", "result": "yfevibpeoaakpnqqlxxm", "timestamp": "2022-01-09T18:51:16.953Z"}}'
2020-02-27 09:18:21,329 - basicLogger - INFO - b'{"type": "xrayInfo", "datetime": "2020 -02-27T09:18:21", "payload": {"patient_id": "dpahjwpuwq", "result": "ifucjmfckchjqfthokjt", "timestamp": "2022-01-09T18:51:16.953Z"}}'
2020-02-27 09:18:21,421 - basicLogger - INFO - b'{"type": "xrayInfo", "datetime": "2020 -02-27T09:18:21", "payload": {"patient_id": "qlsjmhqbmk", "result": "xckwrfssvclswxpnpggz", "timestamp": "2022-01-09T18:51:16.953Z"}}'
2020-02-27 09:18:21,534 - basicLogger - INFO - b'{"type": "xrayInfo", "datetime": "2020 -02-27T09:18:21", "payload": {"patient_id": "airmogztwi", "result": "gbiefywnwgxpbqfzdpgf", "timestamp": "2022-01-09T18:51:16.953Z"}}'
2020-02-27 09:18:21,642 - basicLogger - INFO - b'{"type": "xrayInfo", "datetime": "2020 -02-27T09:18:21", "payload": {"patient_id": "ymcsmxkhzf", "result": "tuqrnexdrzgmigqwelrv", "timestamp": "2022-01-09T18:51:16.953Z"}}'
2020-02-27 09:18:21,732 - basicLogger - INFO - b'{"type": "xrayInfo", "datetime": "2020 -02-27T09:18:21", "payload": {"patient_id": "xfhxzruwsy", "result": "lbfoiqvgbnrbumrbbzbn", "timestamp": "2022-01-09T18:51:16.953Z"}}'
2020-02-27 09:18:21,826 - basicLogger - INFO - b'{"type": "xrayInfo", "datetime": "2020 -02-27T09:18:21", "payload": {"patient_id": "qyprlrzklg", "result": "fhpksmjmqgnnwycetebv", "timestamp": "2022-01-09T18:51:16.953Z"}}'
2020-02-27 09:18:23,001 - basicLogger - INFO - b'{"type": "surgeryInfo", "datetime": "2020 -02-27T09:18:23", "payload": {"patient_id": "kvibsneyim", "bookingDate": "2021-01-09T18:51:16.953Z", "surgeryDate": "2021-28-09T18:51:16.953Z"}}'
2020-02-27 09:18:23,104 - basicLogger - INFO - b'{"type": "surgeryInfo", "datetime": "2020 -02-27T09:18:23", "payload": {"patient_id": "alnwjwqjjs", "bookingDate": "2021-01-09T18:51:16.953Z", "surgeryDate": "2021-28-09T18:51:16.953Z"}}'
2020-02-27 09:18:23,298 - basicLogger - INFO - b'{"type": "surgeryInfo", "datetime": "2020 -02-27T09:18:23", "payload": {"patient_id": "vhyzgohdfm", "bookingDate": "2021-01-09T18:51:16.953Z", "surgeryDate": "2021-28-09T18:51:16.953Z"}}'
2020-02-27 09:18:23,375 - basicLogger - INFO - b'{"type": "surgeryInfo", "datetime": "2020 -02-27T09:18:23", "payload": {"patient_id": "skjtttusnw", "bookingDate": "2021-01-09T18:51:16.953Z", "surgeryDate": "2021-28-09T18:51:16.953Z"}}'
2020-02-27 09:18:23,480 - basicLogger - INFO - b'{"type": "surgeryInfo", "datetime": "2020 -02-27T09:18:23", "payload": {"patient_id": "yvevrzalrb", "bookingDate": "2021-01-09T18:51:16.953Z", "surgeryDate": "2021-28-09T18:51:16.953Z"}}'
2020-02-27 09:18:23,592 - basicLogger - INFO - b'{"type": "surgeryInfo", "datetime": "2020 -02-27T09:18:23", "payload": {"patient_id": "fmjvurnhus", "bookingDate": "2021-01-09T18:51:16.953Z", "surgeryDate": "2021-28-09T18:51:16.953Z"}}'
2020-02-27 09:18:23,709 - basicLogger - INFO - b'{"type": "surgeryInfo", "datetime": "2020 -02-27T09:18:23", "payload": {"patient_id": "gvofugitsu", "bookingDate": "2021-01-09T18:51:16.953Z", "surgeryDate": "2021-28-09T18:51:16.953Z"}}'
2020-02-27 09:18:23,790 - basicLogger - INFO - b'{"type": "surgeryInfo", "datetime": "2020 -02-27T09:18:23", "payload": {"patient_id": "vmsjbvnpia", "bookingDate": "2021-01-09T18:51:16.953Z", "surgeryDate": "2021-28-09T18:51:16.953Z"}}'
2020-02-27 09:18:23,890 - basicLogger - INFO - b'{"type": "surgeryInfo", "datetime": "2020 -02-27T09:18:23", "payload": {"patient_id": "lwyexuvlqi", "bookingDate": "2021-01-09T18:51:16.953Z", "surgeryDate": "2021-28-09T18:51:16.953Z"}}'
2020-02-27 09:18:25,073 - basicLogger - INFO - b'{"type": "xrayInfo", "datetime": "2020 -02-27T09:18:25", "payload": {"patient_id": "cwrcxueimh", "result": "cimngrmweswhnqqvrogm", "timestamp": "2022-01-09T18:51:16.953Z"}}'
2020-02-27 09:18:25,177 - basicLogger - INFO - b'{"type": "xrayInfo", "datetime": "2020 -02-27T09:18:25", "payload": {"patient_id": "natdmbcvtg", "result": "udktmklhxtngacomhlfn", "timestamp": "2022-01-09T18:51:16.953Z"}}'
2020-02-27 09:18:25,359 - basicLogger - INFO - b'{"type": "xrayInfo", "datetime": "2020 -02-27T09:18:25", "payload": {"patient_id": "uxjrbyugnp", "result": "uxcsfrsoajshbnawoiyg", "timestamp": "2022-01-09T18:51:16.953Z"}}'
2020-02-27 09:18:25,447 - basicLogger - INFO - b'{"type": "xrayInfo", "datetime": "2020 -02-27T09:18:25", "payload": {"patient_id": "muhrdwpclb", "result": "sfhkmindaabrqwzxplyy", "timestamp": "2022-01-09T18:51:16.953Z"}}'
2020-02-27 09:18:25,544 - basicLogger - INFO - b'{"type": "xrayInfo", "datetime": "2020 -02-27T09:18:25", "payload": {"patient_id": "eajjlyvykd", "result": "khlgyatblsylvucgqbqv", "timestamp": "2022-01-09T18:51:16.953Z"}}'
2020-02-27 09:18:25,671 - basicLogger - INFO - b'{"type": "xrayInfo", "datetime": "2020 -02-27T09:18:25", "payload": {"patient_id": "orhgdqleac", "result": "foroutudkpxmzhhsbunz", "timestamp": "2022-01-09T18:51:16.953Z"}}'
2020-02-27 09:18:25,768 - basicLogger - INFO - b'{"type": "xrayInfo", "datetime": "2020 -02-27T09:18:25", "payload": {"patient_id": "vzrgkttxth", "result": "ptagdttztkdbwnmityfz", "timestamp": "2022-01-09T18:51:16.953Z"}}'
2020-02-27 09:18:25,864 - basicLogger - INFO - b'{"type": "xrayInfo", "datetime": "2020 -02-27T09:18:25", "payload": {"patient_id": "fbuthdwuxm", "result": "kikgdlbelpmwuooptlrh", "timestamp": "2022-01-09T18:51:16.953Z"}}'
2020-02-27 09:18:25,962 - basicLogger - INFO - b'{"type": "xrayInfo", "datetime": "2020 -02-27T09:18:25", "payload": {"patient_id": "eqffodbotj", "result": "pflmfbmiqlsaisjbmokc", "timestamp": "2022-01-09T18:51:16.953Z"}}'
2020-02-27 09:18:27,129 - basicLogger - INFO - b'{"type": "surgeryInfo", "datetime": "2020 -02-27T09:18:27", "payload": {"patient_id": "hssolbpibi", "bookingDate": "2021-01-09T18:51:16.953Z", "surgeryDate": "2021-28-09T18:51:16.953Z"}}'
2020-02-27 09:18:27,243 - basicLogger - INFO - b'{"type": "surgeryInfo", "datetime": "2020 -02-27T09:18:27", "payload": {"patient_id": "ljiwtwkfaw", "bookingDate": "2021-01-09T18:51:16.953Z", "surgeryDate": "2021-28-09T18:51:16.953Z"}}'
2020-02-27 09:18:27,422 - basicLogger - INFO - b'{"type": "surgeryInfo", "datetime": "2020 -02-27T09:18:27", "payload": {"patient_id": "nnyixxqmvb", "bookingDate": "2021-01-09T18:51:16.953Z", "surgeryDate": "2021-28-09T18:51:16.953Z"}}'
2020-02-27 09:18:27,514 - basicLogger - INFO - b'{"type": "surgeryInfo", "datetime": "2020 -02-27T09:18:27", "payload": {"patient_id": "ogfppbikqw", "bookingDate": "2021-01-09T18:51:16.953Z", "surgeryDate": "2021-28-09T18:51:16.953Z"}}'
2020-02-27 09:18:27,610 - basicLogger - INFO - b'{"type": "surgeryInfo", "datetime": "2020 -02-27T09:18:27", "payload": {"patient_id": "bzbhuobtnf", "bookingDate": "2021-01-09T18:51:16.953Z", "surgeryDate": "2021-28-09T18:51:16.953Z"}}'
2020-02-27 09:18:27,726 - basicLogger - INFO - b'{"type": "surgeryInfo", "datetime": "2020 -02-27T09:18:27", "payload": {"patient_id": "qulsudjrxo", "bookingDate": "2021-01-09T18:51:16.953Z", "surgeryDate": "2021-28-09T18:51:16.953Z"}}'
2020-02-27 09:18:27,817 - basicLogger - INFO - b'{"type": "surgeryInfo", "datetime": "2020 -02-27T09:18:27", "payload": {"patient_id": "qkdnplpguw", "bookingDate": "2021-01-09T18:51:16.953Z", "surgeryDate": "2021-28-09T18:51:16.953Z"}}'
2020-02-27 09:18:27,913 - basicLogger - INFO - b'{"type": "surgeryInfo", "datetime": "2020 -02-27T09:18:27", "payload": {"patient_id": "thlfsxktok", "bookingDate": "2021-01-09T18:51:16.953Z", "surgeryDate": "2021-28-09T18:51:16.953Z"}}'
2020-02-27 09:18:28,005 - basicLogger - INFO - b'{"type": "surgeryInfo", "datetime": "2020 -02-27T09:18:28", "payload": {"patient_id": "tgbyzowjcx", "bookingDate": "2021-01-09T18:51:16.953Z", "surgeryDate": "2021-28-09T18:51:16.953Z"}}'
2020-02-27 09:18:29,177 - basicLogger - INFO - b'{"type": "xrayInfo", "datetime": "2020 -02-27T09:18:29", "payload": {"patient_id": "ryebpljofu", "result": "qnudvfawmtporxubchcs", "timestamp": "2022-01-09T18:51:16.953Z"}}'
2020-02-27 09:18:29,311 - basicLogger - INFO - b'{"type": "xrayInfo", "datetime": "2020 -02-27T09:18:29", "payload": {"patient_id": "ggjiiwudoe", "result": "jnqdczlredrbvwtchupd", "timestamp": "2022-01-09T18:51:16.953Z"}}'
2020-02-27 09:18:29,500 - basicLogger - INFO - b'{"type": "xrayInfo", "datetime": "2020 -02-27T09:18:29", "payload": {"patient_id": "vffhbxtikn", "result": "lduclgvttonspolbaskj", "timestamp": "2022-01-09T18:51:16.953Z"}}'
2020-02-27 09:18:29,571 - basicLogger - INFO - b'{"type": "xrayInfo", "datetime": "2020 -02-27T09:18:29", "payload": {"patient_id": "hwqjjdbcvr", "result": "ypeltpcokphwvinofrna", "timestamp": "2022-01-09T18:51:16.953Z"}}'
2020-02-27 09:18:29,674 - basicLogger - INFO - b'{"type": "xrayInfo", "datetime": "2020 -02-27T09:18:29", "payload": {"patient_id": "nxxohfcfex", "result": "monrybybcmkupyksukmk", "timestamp": "2022-01-09T18:51:16.953Z"}}'
2020-02-27 09:18:29,802 - basicLogger - INFO - b'{"type": "xrayInfo", "datetime": "2020 -02-27T09:18:29", "payload": {"patient_id": "mdlskuurew", "result": "pdfkuffxexdivqddvgpk", "timestamp": "2022-01-09T18:51:16.953Z"}}'
2020-02-27 09:18:29,895 - basicLogger - INFO - b'{"type": "xrayInfo", "datetime": "2020 -02-27T09:18:29", "payload": {"patient_id": "gpikzhtuat", "result": "amrfmscaksttzirfwjfx", "timestamp": "2022-01-09T18:51:16.953Z"}}'
2020-02-27 09:18:29,998 - basicLogger - INFO - b'{"type": "xrayInfo", "datetime": "2020 -02-27T09:18:29", "payload": {"patient_id": "fdbydimzeg", "result": "qlhdmvfzthznjbzyyead", "timestamp": "2022-01-09T18:51:16.953Z"}}'
2020-02-27 09:18:30,074 - basicLogger - INFO - b'{"type": "xrayInfo", "datetime": "2020 -02-27T09:18:30", "payload": {"patient_id": "icprmkhxan", "result": "yiuofdkclfjuhnalogdd", "timestamp": "2022-01-09T18:51:16.953Z"}}'
2020-02-27 09:18:31,245 - basicLogger - INFO - b'{"type": "surgeryInfo", "datetime": "2020 -02-27T09:18:31", "payload": {"patient_id": "icjtopmlwg", "bookingDate": "2021-01-09T18:51:16.953Z", "surgeryDate": "2021-28-09T18:51:16.953Z"}}'
2020-02-27 09:18:31,379 - basicLogger - INFO - b'{"type": "surgeryInfo", "datetime": "2020 -02-27T09:18:31", "payload": {"patient_id": "xwteurlzib", "bookingDate": "2021-01-09T18:51:16.953Z", "surgeryDate": "2021-28-09T18:51:16.953Z"}}'
2020-02-27 09:18:31,565 - basicLogger - INFO - b'{"type": "surgeryInfo", "datetime": "2020 -02-27T09:18:31", "payload": {"patient_id": "kfhhkvgzyd", "bookingDate": "2021-01-09T18:51:16.953Z", "surgeryDate": "2021-28-09T18:51:16.953Z"}}'
2020-02-27 09:18:31,637 - basicLogger - INFO - b'{"type": "surgeryInfo", "datetime": "2020 -02-27T09:18:31", "payload": {"patient_id": "raabevhczh", "bookingDate": "2021-01-09T18:51:16.953Z", "surgeryDate": "2021-28-09T18:51:16.953Z"}}'
2020-02-27 09:18:31,742 - basicLogger - INFO - b'{"type": "surgeryInfo", "datetime": "2020 -02-27T09:18:31", "payload": {"patient_id": "judspjrhdj", "bookingDate": "2021-01-09T18:51:16.953Z", "surgeryDate": "2021-28-09T18:51:16.953Z"}}'
2020-02-27 09:18:31,870 - basicLogger - INFO - b'{"type": "surgeryInfo", "datetime": "2020 -02-27T09:18:31", "payload": {"patient_id": "pcplxkixvp", "bookingDate": "2021-01-09T18:51:16.953Z", "surgeryDate": "2021-28-09T18:51:16.953Z"}}'
2020-02-27 09:18:31,967 - basicLogger - INFO - b'{"type": "surgeryInfo", "datetime": "2020 -02-27T09:18:31", "payload": {"patient_id": "fnemdxmnro", "bookingDate": "2021-01-09T18:51:16.953Z", "surgeryDate": "2021-28-09T18:51:16.953Z"}}'
2020-02-27 09:18:32,058 - basicLogger - INFO - b'{"type": "surgeryInfo", "datetime": "2020 -02-27T09:18:32", "payload": {"patient_id": "pnslemhvxg", "bookingDate": "2021-01-09T18:51:16.953Z", "surgeryDate": "2021-28-09T18:51:16.953Z"}}'
2020-02-27 09:18:32,146 - basicLogger - INFO - b'{"type": "surgeryInfo", "datetime": "2020 -02-27T09:18:32", "payload": {"patient_id": "holyxrrvtk", "bookingDate": "2021-01-09T18:51:16.953Z", "surgeryDate": "2021-28-09T18:51:16.953Z"}}'
2020-02-27 09:18:33,315 - basicLogger - INFO - b'{"type": "xrayInfo", "datetime": "2020 -02-27T09:18:33", "payload": {"patient_id": "uucwyzbjqd", "result": "nzryotqqzaogznfonpyj", "timestamp": "2022-01-09T18:51:16.953Z"}}'
2020-02-27 09:18:33,435 - basicLogger - INFO - b'{"type": "xrayInfo", "datetime": "2020 -02-27T09:18:33", "payload": {"patient_id": "zpcwiomjxy", "result": "ykosbvbrmhxsjvijvplm", "timestamp": "2022-01-09T18:51:16.953Z"}}'
2020-02-27 09:18:33,611 - basicLogger - INFO - b'{"type": "xrayInfo", "datetime": "2020 -02-27T09:18:33", "payload": {"patient_id": "meothhibcq", "result": "omsxadnphpaacrlvotzf", "timestamp": "2022-01-09T18:51:16.953Z"}}'
2020-02-27 09:18:33,679 - basicLogger - INFO - b'{"type": "xrayInfo", "datetime": "2020 -02-27T09:18:33", "payload": {"patient_id": "ruteizryal", "result": "wncqpvjsazxubhvaizqw", "timestamp": "2022-01-09T18:51:16.953Z"}}'
2020-02-27 09:18:33,792 - basicLogger - INFO - b'{"type": "xrayInfo", "datetime": "2020 -02-27T09:18:33", "payload": {"patient_id": "ldaftyjliw", "result": "jbbrjzaqujlizhgftpms", "timestamp": "2022-01-09T18:51:16.953Z"}}'
2020-02-27 09:18:33,914 - basicLogger - INFO - b'{"type": "xrayInfo", "datetime": "2020 -02-27T09:18:33", "payload": {"patient_id": "ievmxdecpq", "result": "knprahrxfrreutccxzfo", "timestamp": "2022-01-09T18:51:16.953Z"}}'
2020-02-27 09:18:34,016 - basicLogger - INFO - b'{"type": "xrayInfo", "datetime": "2020 -02-27T09:18:34", "payload": {"patient_id": "kaiifymyed", "result": "cdfetvdzizrrljrvcqfk", "timestamp": "2022-01-09T18:51:16.953Z"}}'
2020-02-27 09:18:34,098 - basicLogger - INFO - b'{"type": "xrayInfo", "datetime": "2020 -02-27T09:18:34", "payload": {"patient_id": "epevirkuzp", "result": "ordtosnfgaytqunurwhx", "timestamp": "2022-01-09T18:51:16.953Z"}}'
2020-02-27 09:18:34,219 - basicLogger - INFO - b'{"type": "xrayInfo", "datetime": "2020 -02-27T09:18:34", "payload": {"patient_id": "cqpuybgpli", "result": "ffoocneeavsnjnfxbguo", "timestamp": "2022-01-09T18:51:16.953Z"}}'
2020-02-27 09:18:35,373 - basicLogger - INFO - b'{"type": "surgeryInfo", "datetime": "2020 -02-27T09:18:35", "payload": {"patient_id": "pntcwmtkjv", "bookingDate": "2021-01-09T18:51:16.953Z", "surgeryDate": "2021-28-09T18:51:16.953Z"}}'
2020-02-27 09:18:35,508 - basicLogger - INFO - b'{"type": "surgeryInfo", "datetime": "2020 -02-27T09:18:35", "payload": {"patient_id": "xnbiwsepry", "bookingDate": "2021-01-09T18:51:16.953Z", "surgeryDate": "2021-28-09T18:51:16.953Z"}}'
2020-02-27 09:18:35,683 - basicLogger - INFO - b'{"type": "surgeryInfo", "datetime": "2020 -02-27T09:18:35", "payload": {"patient_id": "ryncyqjjlv", "bookingDate": "2021-01-09T18:51:16.953Z", "surgeryDate": "2021-28-09T18:51:16.953Z"}}'
2020-02-27 09:18:35,754 - basicLogger - INFO - b'{"type": "surgeryInfo", "datetime": "2020 -02-27T09:18:35", "payload": {"patient_id": "sfbzlxdfup", "bookingDate": "2021-01-09T18:51:16.953Z", "surgeryDate": "2021-28-09T18:51:16.953Z"}}'
2020-02-27 09:18:35,866 - basicLogger - INFO - b'{"type": "surgeryInfo", "datetime": "2020 -02-27T09:18:35", "payload": {"patient_id": "ltwhsjsjzw", "bookingDate": "2021-01-09T18:51:16.953Z", "surgeryDate": "2021-28-09T18:51:16.953Z"}}'
2020-02-27 09:18:35,977 - basicLogger - INFO - b'{"type": "surgeryInfo", "datetime": "2020 -02-27T09:18:35", "payload": {"patient_id": "pbvsqdqncq", "bookingDate": "2021-01-09T18:51:16.953Z", "surgeryDate": "2021-28-09T18:51:16.953Z"}}'
2020-02-27 09:18:36,084 - basicLogger - INFO - b'{"type": "surgeryInfo", "datetime": "2020 -02-27T09:18:36", "payload": {"patient_id": "eteyvcvrbh", "bookingDate": "2021-01-09T18:51:16.953Z", "surgeryDate": "2021-28-09T18:51:16.953Z"}}'
2020-02-27 09:18:36,166 - basicLogger - INFO - b'{"type": "surgeryInfo", "datetime": "2020 -02-27T09:18:36", "payload": {"patient_id": "hyrrsiqhdu", "bookingDate": "2021-01-09T18:51:16.953Z", "surgeryDate": "2021-28-09T18:51:16.953Z"}}'
2020-02-27 09:18:36,278 - basicLogger - INFO - b'{"type": "surgeryInfo", "datetime": "2020 -02-27T09:18:36", "payload": {"patient_id": "enkowfnojw", "bookingDate": "2021-01-09T18:51:16.953Z", "surgeryDate": "2021-28-09T18:51:16.953Z"}}'
2020-02-27 09:18:37,423 - basicLogger - INFO - b'{"type": "xrayInfo", "datetime": "2020 -02-27T09:18:37", "payload": {"patient_id": "exomrwmawh", "result": "wiqnjimqsocejzwrsxoj", "timestamp": "2022-01-09T18:51:16.953Z"}}'
2020-02-27 09:18:37,581 - basicLogger - INFO - b'{"type": "xrayInfo", "datetime": "2020 -02-27T09:18:37", "payload": {"patient_id": "oaontcdgrq", "result": "yeqksdbzjkczvbllltpq", "timestamp": "2022-01-09T18:51:16.953Z"}}'
2020-02-27 09:18:37,755 - basicLogger - INFO - b'{"type": "xrayInfo", "datetime": "2020 -02-27T09:18:37", "payload": {"patient_id": "otwoxccyys", "result": "ijxswzjkocjjxljnbawd", "timestamp": "2022-01-09T18:51:16.953Z"}}'
2020-02-27 09:18:37,824 - basicLogger - INFO - b'{"type": "xrayInfo", "datetime": "2020 -02-27T09:18:37", "payload": {"patient_id": "zpiltfdjau", "result": "rsaepaiyslsjmqxkwqns", "timestamp": "2022-01-09T18:51:16.953Z"}}'
2020-02-27 09:18:37,939 - basicLogger - INFO - b'{"type": "xrayInfo", "datetime": "2020 -02-27T09:18:37", "payload": {"patient_id": "swnychmczp", "result": "pgweqyndpvdieibvxiyu", "timestamp": "2022-01-09T18:51:16.953Z"}}'
2020-02-27 09:18:38,045 - basicLogger - INFO - b'{"type": "xrayInfo", "datetime": "2020 -02-27T09:18:38", "payload": {"patient_id": "ledkgziytg", "result": "ujceyloudlycqthmzkdn", "timestamp": "2022-01-09T18:51:16.953Z"}}'
2020-02-27 09:18:38,154 - basicLogger - INFO - b'{"type": "xrayInfo", "datetime": "2020 -02-27T09:18:38", "payload": {"patient_id": "ucpjbxfwvl", "result": "wwqxhxtfiswvmtygdwue", "timestamp": "2022-01-09T18:51:16.953Z"}}'
2020-02-27 09:18:38,230 - basicLogger - INFO - b'{"type": "xrayInfo", "datetime": "2020 -02-27T09:18:38", "payload": {"patient_id": "ppfkbnjypp", "result": "fvdwdyrpreuvfgcikhhg", "timestamp": "2022-01-09T18:51:16.953Z"}}'
2020-02-27 09:18:38,352 - basicLogger - INFO - b'{"type": "xrayInfo", "datetime": "2020 -02-27T09:18:38", "payload": {"patient_id": "tvcpzxnqcy", "result": "pztmwliztlbzoucjdich", "timestamp": "2022-01-09T18:51:16.953Z"}}'
2020-02-27 09:18:39,525 - basicLogger - INFO - b'{"type": "surgeryInfo", "datetime": "2020 -02-27T09:18:39", "payload": {"patient_id": "eqbtblibnh", "bookingDate": "2021-01-09T18:51:16.953Z", "surgeryDate": "2021-28-09T18:51:16.953Z"}}'
2020-02-27 09:18:39,618 - basicLogger - INFO - b'{"type": "surgeryInfo", "datetime": "2020 -02-27T09:18:39", "payload": {"patient_id": "pinanmvyqi", "bookingDate": "2021-01-09T18:51:16.953Z", "surgeryDate": "2021-28-09T18:51:16.953Z"}}'
2020-02-27 09:18:39,799 - basicLogger - INFO - b'{"type": "surgeryInfo", "datetime": "2020 -02-27T09:18:39", "payload": {"patient_id": "qgcuruvseh", "bookingDate": "2021-01-09T18:51:16.953Z", "surgeryDate": "2021-28-09T18:51:16.953Z"}}'
2020-02-27 09:18:39,861 - basicLogger - INFO - b'{"type": "surgeryInfo", "datetime": "2020 -02-27T09:18:39", "payload": {"patient_id": "urynigtfpu", "bookingDate": "2021-01-09T18:51:16.953Z", "surgeryDate": "2021-28-09T18:51:16.953Z"}}'
2020-02-27 09:18:39,982 - basicLogger - INFO - b'{"type": "surgeryInfo", "datetime": "2020 -02-27T09:18:39", "payload": {"patient_id": "iiyreebhwh", "bookingDate": "2021-01-09T18:51:16.953Z", "surgeryDate": "2021-28-09T18:51:16.953Z"}}'
2020-02-27 09:18:40,106 - basicLogger - INFO - b'{"type": "surgeryInfo", "datetime": "2020 -02-27T09:18:40", "payload": {"patient_id": "dyobulsqbn", "bookingDate": "2021-01-09T18:51:16.953Z", "surgeryDate": "2021-28-09T18:51:16.953Z"}}'
2020-02-27 09:18:40,206 - basicLogger - INFO - b'{"type": "surgeryInfo", "datetime": "2020 -02-27T09:18:40", "payload": {"patient_id": "gtxdfnuatv", "bookingDate": "2021-01-09T18:51:16.953Z", "surgeryDate": "2021-28-09T18:51:16.953Z"}}'
2020-02-27 09:18:40,300 - basicLogger - INFO - b'{"type": "surgeryInfo", "datetime": "2020 -02-27T09:18:40", "payload": {"patient_id": "qdrklpwzgs", "bookingDate": "2021-01-09T18:51:16.953Z", "surgeryDate": "2021-28-09T18:51:16.953Z"}}'
2020-02-27 09:18:40,424 - basicLogger - INFO - b'{"type": "surgeryInfo", "datetime": "2020 -02-27T09:18:40", "payload": {"patient_id": "bewmohdpvs", "bookingDate": "2021-01-09T18:51:16.953Z", "surgeryDate": "2021-28-09T18:51:16.953Z"}}'
2020-02-27 09:18:41,597 - basicLogger - INFO - b'{"type": "xrayInfo", "datetime": "2020 -02-27T09:18:41", "payload": {"patient_id": "bsiuzpfgyn", "result": "nexoyinvjfnwaweapagg", "timestamp": "2022-01-09T18:51:16.953Z"}}'
2020-02-27 09:18:41,700 - basicLogger - INFO - b'{"type": "xrayInfo", "datetime": "2020 -02-27T09:18:41", "payload": {"patient_id": "jrtqzgcjoh", "result": "hvdivvufxoekuandvzav", "timestamp": "2022-01-09T18:51:16.953Z"}}'
2020-02-27 09:18:41,858 - basicLogger - INFO - b'{"type": "xrayInfo", "datetime": "2020 -02-27T09:18:41", "payload": {"patient_id": "danyebaexh", "result": "jgvyistqkzrqpmbwkrpy", "timestamp": "2022-01-09T18:51:16.953Z"}}'
2020-02-27 09:18:41,933 - basicLogger - INFO - b'{"type": "xrayInfo", "datetime": "2020 -02-27T09:18:41", "payload": {"patient_id": "jsxspszxju", "result": "tgfesaxbdbkztcuwbxfa", "timestamp": "2022-01-09T18:51:16.953Z"}}'
2020-02-27 09:18:42,062 - basicLogger - INFO - b'{"type": "xrayInfo", "datetime": "2020 -02-27T09:18:42", "payload": {"patient_id": "ppylasewej", "result": "mvmmyxxxzedbvlwlwgeo", "timestamp": "2022-01-09T18:51:16.953Z"}}'
2020-02-27 09:18:42,171 - basicLogger - INFO - b'{"type": "xrayInfo", "datetime": "2020 -02-27T09:18:42", "payload": {"patient_id": "cxgjokoyqn", "result": "tsymiatwzxoytxbfdjeg", "timestamp": "2022-01-09T18:51:16.953Z"}}'
2020-02-27 09:18:42,279 - basicLogger - INFO - b'{"type": "xrayInfo", "datetime": "2020 -02-27T09:18:42", "payload": {"patient_id": "yjoswvucaw", "result": "bzxrxmyqpsfenvcbchit", "timestamp": "2022-01-09T18:51:16.953Z"}}'
2020-02-27 09:18:42,364 - basicLogger - INFO - b'{"type": "xrayInfo", "datetime": "2020 -02-27T09:18:42", "payload": {"patient_id": "dpikzygpvb", "result": "wtmhrveczaypdjuqtbmy", "timestamp": "2022-01-09T18:51:16.953Z"}}'
2020-02-27 09:18:42,497 - basicLogger - INFO - b'{"type": "xrayInfo", "datetime": "2020 -02-27T09:18:42", "payload": {"patient_id": "kqoztvouic", "result": "wahfdmfuwcajjyhhgvkj", "timestamp": "2022-01-09T18:51:16.953Z"}}'
2020-02-27 09:18:43,654 - basicLogger - INFO - b'{"type": "surgeryInfo", "datetime": "2020 -02-27T09:18:43", "payload": {"patient_id": "iqqoqrbevp", "bookingDate": "2021-01-09T18:51:16.953Z", "surgeryDate": "2021-28-09T18:51:16.953Z"}}'
2020-02-27 09:18:43,759 - basicLogger - INFO - b'{"type": "surgeryInfo", "datetime": "2020 -02-27T09:18:43", "payload": {"patient_id": "lthsuwdyrw", "bookingDate": "2021-01-09T18:51:16.953Z", "surgeryDate": "2021-28-09T18:51:16.953Z"}}'
2020-02-27 09:18:43,926 - basicLogger - INFO - b'{"type": "surgeryInfo", "datetime": "2020 -02-27T09:18:43", "payload": {"patient_id": "dbcesjzkpc", "bookingDate": "2021-01-09T18:51:16.953Z", "surgeryDate": "2021-28-09T18:51:16.953Z"}}'
2020-02-27 09:18:43,990 - basicLogger - INFO - b'{"type": "surgeryInfo", "datetime": "2020 -02-27T09:18:43", "payload": {"patient_id": "vnuzyayvkg", "bookingDate": "2021-01-09T18:51:16.953Z", "surgeryDate": "2021-28-09T18:51:16.953Z"}}'
2020-02-27 09:18:44,123 - basicLogger - INFO - b'{"type": "surgeryInfo", "datetime": "2020 -02-27T09:18:44", "payload": {"patient_id": "jxycgsrjmr", "bookingDate": "2021-01-09T18:51:16.953Z", "surgeryDate": "2021-28-09T18:51:16.953Z"}}'
2020-02-27 09:18:44,239 - basicLogger - INFO - b'{"type": "surgeryInfo", "datetime": "2020 -02-27T09:18:44", "payload": {"patient_id": "yuufqyhiht", "bookingDate": "2021-01-09T18:51:16.953Z", "surgeryDate": "2021-28-09T18:51:16.953Z"}}'
2020-02-27 09:18:44,348 - basicLogger - INFO - b'{"type": "surgeryInfo", "datetime": "2020 -02-27T09:18:44", "payload": {"patient_id": "sldwniilwn", "bookingDate": "2021-01-09T18:51:16.953Z", "surgeryDate": "2021-28-09T18:51:16.953Z"}}'
2020-02-27 09:18:44,431 - basicLogger - INFO - b'{"type": "surgeryInfo", "datetime": "2020 -02-27T09:18:44", "payload": {"patient_id": "pvixzmcjuk", "bookingDate": "2021-01-09T18:51:16.953Z", "surgeryDate": "2021-28-09T18:51:16.953Z"}}'
2020-02-27 09:18:44,534 - basicLogger - INFO - b'{"type": "surgeryInfo", "datetime": "2020 -02-27T09:18:44", "payload": {"patient_id": "aehipdmcor", "bookingDate": "2021-01-09T18:51:16.953Z", "surgeryDate": "2021-28-09T18:51:16.953Z"}}'
2020-02-27 09:18:45,727 - basicLogger - INFO - b'{"type": "xrayInfo", "datetime": "2020 -02-27T09:18:45", "payload": {"patient_id": "haolxgncvl", "result": "jngogrweqxblhvzitzgn", "timestamp": "2022-01-09T18:51:16.953Z"}}'
2020-02-27 09:18:45,846 - basicLogger - INFO - b'{"type": "xrayInfo", "datetime": "2020 -02-27T09:18:45", "payload": {"patient_id": "xyqyqqfzvz", "result": "yvbglpjbmlbrzxbzswjy", "timestamp": "2022-01-09T18:51:16.953Z"}}'
2020-02-27 09:18:45,969 - basicLogger - INFO - b'{"type": "xrayInfo", "datetime": "2020 -02-27T09:18:45", "payload": {"patient_id": "uofsocxafu", "result": "zzketotcgqicrrfefluz", "timestamp": "2022-01-09T18:51:16.953Z"}}'
2020-02-27 09:18:46,062 - basicLogger - INFO - b'{"type": "xrayInfo", "datetime": "2020 -02-27T09:18:46", "payload": {"patient_id": "ozmamfojed", "result": "fbagzlbmrasvozpffwdo", "timestamp": "2022-01-09T18:51:16.953Z"}}'
2020-02-27 09:18:46,192 - basicLogger - INFO - b'{"type": "xrayInfo", "datetime": "2020 -02-27T09:18:46", "payload": {"patient_id": "ycnsmmemxh", "result": "kdefwhngmvbpssbqhatu", "timestamp": "2022-01-09T18:51:16.953Z"}}'
2020-02-27 09:18:46,302 - basicLogger - INFO - b'{"type": "xrayInfo", "datetime": "2020 -02-27T09:18:46", "payload": {"patient_id": "ksdyzvgqnk", "result": "nhazpyldpyymvlhoralc", "timestamp": "2022-01-09T18:51:16.953Z"}}'
2020-02-27 09:18:46,406 - basicLogger - INFO - b'{"type": "xrayInfo", "datetime": "2020 -02-27T09:18:46", "payload": {"patient_id": "hqmwmxrsxa", "result": "uicmjhoabolmmlugxufw", "timestamp": "2022-01-09T18:51:16.953Z"}}'
2020-02-27 09:18:46,524 - basicLogger - INFO - b'{"type": "xrayInfo", "datetime": "2020 -02-27T09:18:46", "payload": {"patient_id": "suooprpulr", "result": "vunjxcucrbtuecknwcsl", "timestamp": "2022-01-09T18:51:16.953Z"}}'
2020-02-27 09:18:46,607 - basicLogger - INFO - b'{"type": "xrayInfo", "datetime": "2020 -02-27T09:18:46", "payload": {"patient_id": "mnmphiqoey", "result": "idslcxbasppbbwnlpicg", "timestamp": "2022-01-09T18:51:16.953Z"}}'
2020-02-27 09:18:47,787 - basicLogger - INFO - b'{"type": "surgeryInfo", "datetime": "2020 -02-27T09:18:47", "payload": {"patient_id": "kqumdbijzq", "bookingDate": "2021-01-09T18:51:16.953Z", "surgeryDate": "2021-28-09T18:51:16.953Z"}}'
2020-02-27 09:18:47,914 - basicLogger - INFO - b'{"type": "surgeryInfo", "datetime": "2020 -02-27T09:18:47", "payload": {"patient_id": "ydswdmffnp", "bookingDate": "2021-01-09T18:51:16.953Z", "surgeryDate": "2021-28-09T18:51:16.953Z"}}'
2020-02-27 09:18:48,031 - basicLogger - INFO - b'{"type": "surgeryInfo", "datetime": "2020 -02-27T09:18:48", "payload": {"patient_id": "lxhtgkiqkk", "bookingDate": "2021-01-09T18:51:16.953Z", "surgeryDate": "2021-28-09T18:51:16.953Z"}}'
2020-02-27 09:18:48,112 - basicLogger - INFO - b'{"type": "surgeryInfo", "datetime": "2020 -02-27T09:18:48", "payload": {"patient_id": "npgarvcqic", "bookingDate": "2021-01-09T18:51:16.953Z", "surgeryDate": "2021-28-09T18:51:16.953Z"}}'
2020-02-27 09:18:48,245 - basicLogger - INFO - b'{"type": "surgeryInfo", "datetime": "2020 -02-27T09:18:48", "payload": {"patient_id": "jroosihkgw", "bookingDate": "2021-01-09T18:51:16.953Z", "surgeryDate": "2021-28-09T18:51:16.953Z"}}'
2020-02-27 09:18:48,377 - basicLogger - INFO - b'{"type": "surgeryInfo", "datetime": "2020 -02-27T09:18:48", "payload": {"patient_id": "pmgjhwztcz", "bookingDate": "2021-01-09T18:51:16.953Z", "surgeryDate": "2021-28-09T18:51:16.953Z"}}'
2020-02-27 09:18:48,448 - basicLogger - INFO - b'{"type": "surgeryInfo", "datetime": "2020 -02-27T09:18:48", "payload": {"patient_id": "mrqzplesax", "bookingDate": "2021-01-09T18:51:16.953Z", "surgeryDate": "2021-28-09T18:51:16.953Z"}}'
2020-02-27 09:18:48,574 - basicLogger - INFO - b'{"type": "surgeryInfo", "datetime": "2020 -02-27T09:18:48", "payload": {"patient_id": "hodwmicjaz", "bookingDate": "2021-01-09T18:51:16.953Z", "surgeryDate": "2021-28-09T18:51:16.953Z"}}'
2020-02-27 09:18:48,666 - basicLogger - INFO - b'{"type": "surgeryInfo", "datetime": "2020 -02-27T09:18:48", "payload": {"patient_id": "csdrlzxoqk", "bookingDate": "2021-01-09T18:51:16.953Z", "surgeryDate": "2021-28-09T18:51:16.953Z"}}'
2020-02-27 09:18:49,857 - basicLogger - INFO - b'{"type": "xrayInfo", "datetime": "2020 -02-27T09:18:49", "payload": {"patient_id": "ydonuodsgm", "result": "gsrphgkrzkutrkiypcpf", "timestamp": "2022-01-09T18:51:16.953Z"}}'
2020-02-27 09:18:49,977 - basicLogger - INFO - b'{"type": "xrayInfo", "datetime": "2020 -02-27T09:18:49", "payload": {"patient_id": "ercjrggipg", "result": "lltvhiuitofxpcmstosa", "timestamp": "2022-01-09T18:51:16.953Z"}}'
2020-02-27 09:18:50,096 - basicLogger - INFO - b'{"type": "xrayInfo", "datetime": "2020 -02-27T09:18:50", "payload": {"patient_id": "etirwnaltt", "result": "pyqbyajyxlmcbhutzvmt", "timestamp": "2022-01-09T18:51:16.953Z"}}'
2020-02-27 09:18:50,185 - basicLogger - INFO - b'{"type": "xrayInfo", "datetime": "2020 -02-27T09:18:50", "payload": {"patient_id": "zptcqrjwpg", "result": "wobfwighevcyhprnusvh", "timestamp": "2022-01-09T18:51:16.953Z"}}'
2020-02-27 09:18:50,319 - basicLogger - INFO - b'{"type": "xrayInfo", "datetime": "2020 -02-27T09:18:50", "payload": {"patient_id": "vlzgytookx", "result": "frehyhnbtqinvjhcsadh", "timestamp": "2022-01-09T18:51:16.953Z"}}'
2020-02-27 09:18:50,390 - basicLogger - INFO - b'{"type": "xrayInfo", "datetime": "2020 -02-27T09:18:50", "payload": {"patient_id": "kzprplknfg", "result": "fnbbgzzyuwcglpmmdljs", "timestamp": "2022-01-09T18:51:16.953Z"}}'
2020-02-27 09:18:50,455 - basicLogger - INFO - b'{"type": "xrayInfo", "datetime": "2020 -02-27T09:18:50", "payload": {"patient_id": "yzyenmnskv", "result": "pbwdxoqrtlyqdterripp", "timestamp": "2022-01-09T18:51:16.953Z"}}'
2020-02-27 09:18:50,557 - basicLogger - INFO - b'{"type": "xrayInfo", "datetime": "2020 -02-27T09:18:50", "payload": {"patient_id": "rtqgrpmbeu", "result": "csherboyccphbfgivltc", "timestamp": "2022-01-09T18:51:16.953Z"}}'
2020-02-27 09:18:50,632 - basicLogger - INFO - b'{"type": "xrayInfo", "datetime": "2020 -02-27T09:18:50", "payload": {"patient_id": "vujepqinfu", "result": "ivmskuxtzxkjahvuuqno", "timestamp": "2022-01-09T18:51:16.953Z"}}'
2020-02-27 09:18:50,720 - basicLogger - INFO - b'{"type": "xrayInfo", "datetime": "2020 -02-27T09:18:50", "payload": {"patient_id": "hglsgqtaqj", "result": "dpwzydygbqagcvmsccpn", "timestamp": "2022-01-09T18:51:16.953Z"}}'
2020-02-27 09:18:51,914 - basicLogger - INFO - b'{"type": "surgeryInfo", "datetime": "2020 -02-27T09:18:51", "payload": {"patient_id": "tdmaqphowr", "bookingDate": "2021-01-09T18:51:16.953Z", "surgeryDate": "2021-28-09T18:51:16.953Z"}}'
2020-02-27 09:18:52,149 - basicLogger - INFO - b'{"type": "surgeryInfo", "datetime": "2020 -02-27T09:18:52", "payload": {"patient_id": "zeofoacfnu", "bookingDate": "2021-01-09T18:51:16.953Z", "surgeryDate": "2021-28-09T18:51:16.953Z"}}'
2020-02-27 09:18:52,245 - basicLogger - INFO - b'{"type": "surgeryInfo", "datetime": "2020 -02-27T09:18:52", "payload": {"patient_id": "zrhgnkhfhe", "bookingDate": "2021-01-09T18:51:16.953Z", "surgeryDate": "2021-28-09T18:51:16.953Z"}}'
2020-02-27 09:18:52,381 - basicLogger - INFO - b'{"type": "surgeryInfo", "datetime": "2020 -02-27T09:18:52", "payload": {"patient_id": "ecosuwlhwp", "bookingDate": "2021-01-09T18:51:16.953Z", "surgeryDate": "2021-28-09T18:51:16.953Z"}}'
2020-02-27 09:18:52,440 - basicLogger - INFO - b'{"type": "surgeryInfo", "datetime": "2020 -02-27T09:18:52", "payload": {"patient_id": "zoaoicelns", "bookingDate": "2021-01-09T18:51:16.953Z", "surgeryDate": "2021-28-09T18:51:16.953Z"}}'
2020-02-27 09:18:52,589 - basicLogger - INFO - b'{"type": "surgeryInfo", "datetime": "2020 -02-27T09:18:52", "payload": {"patient_id": "aureqqizxd", "bookingDate": "2021-01-09T18:51:16.953Z", "surgeryDate": "2021-28-09T18:51:16.953Z"}}'
2020-02-27 09:18:52,624 - basicLogger - INFO - b'{"type": "surgeryInfo", "datetime": "2020 -02-27T09:18:52", "payload": {"patient_id": "jebiarhhnn", "bookingDate": "2021-01-09T18:51:16.953Z", "surgeryDate": "2021-28-09T18:51:16.953Z"}}'
2020-02-27 09:18:52,684 - basicLogger - INFO - b'{"type": "surgeryInfo", "datetime": "2020 -02-27T09:18:52", "payload": {"patient_id": "ricmvoymvg", "bookingDate": "2021-01-09T18:51:16.953Z", "surgeryDate": "2021-28-09T18:51:16.953Z"}}'
2020-02-27 09:18:52,769 - basicLogger - INFO - b'{"type": "surgeryInfo", "datetime": "2020 -02-27T09:18:52", "payload": {"patient_id": "pihyjeflwd", "bookingDate": "2021-01-09T18:51:16.953Z", "surgeryDate": "2021-28-09T18:51:16.953Z"}}'
2020-02-27 09:18:53,987 - basicLogger - INFO - b'{"type": "xrayInfo", "datetime": "2020 -02-27T09:18:53", "payload": {"patient_id": "zpvvnppard", "result": "ohtoompvucrhswleufct", "timestamp": "2022-01-09T18:51:16.953Z"}}'
2020-02-27 09:18:54,220 - basicLogger - INFO - b'{"type": "xrayInfo", "datetime": "2020 -02-27T09:18:54", "payload": {"patient_id": "cknowlaoak", "result": "majtkmtshizldarakgme", "timestamp": "2022-01-09T18:51:16.953Z"}}'
2020-02-27 09:18:54,304 - basicLogger - INFO - b'{"type": "xrayInfo", "datetime": "2020 -02-27T09:18:54", "payload": {"patient_id": "cqaxgrcckg", "result": "ksoguqhxviihvkpthxug", "timestamp": "2022-01-09T18:51:16.953Z"}}'
2020-02-27 09:18:54,463 - basicLogger - INFO - b'{"type": "xrayInfo", "datetime": "2020 -02-27T09:18:54", "payload": {"patient_id": "nrpuongate", "result": "mghysjexskpixabeprqc", "timestamp": "2022-01-09T18:51:16.953Z"}}'
2020-02-27 09:18:54,515 - basicLogger - INFO - b'{"type": "xrayInfo", "datetime": "2020 -02-27T09:18:54", "payload": {"patient_id": "kucjnqdjud", "result": "xeynzvarrcgepubwxsiy", "timestamp": "2022-01-09T18:51:16.953Z"}}'
2020-02-27 09:18:54,649 - basicLogger - INFO - b'{"type": "xrayInfo", "datetime": "2020 -02-27T09:18:54", "payload": {"patient_id": "hzfnxspqok", "result": "slzgtmzgnbvbrmmanwha", "timestamp": "2022-01-09T18:51:16.953Z"}}'
2020-02-27 09:18:54,701 - basicLogger - INFO - b'{"type": "xrayInfo", "datetime": "2020 -02-27T09:18:54", "payload": {"patient_id": "mtollpbitk", "result": "tkliyarcyawjhsnwjqeq", "timestamp": "2022-01-09T18:51:16.953Z"}}'
2020-02-27 09:18:54,766 - basicLogger - INFO - b'{"type": "xrayInfo", "datetime": "2020 -02-27T09:18:54", "payload": {"patient_id": "aakpejsynh", "result": "gqhjpocbvxmntnubqjuy", "timestamp": "2022-01-09T18:51:16.953Z"}}'
2020-02-27 09:18:54,831 - basicLogger - INFO - b'{"type": "xrayInfo", "datetime": "2020 -02-27T09:18:54", "payload": {"patient_id": "ppqnkycozs", "result": "jtelkolzmbhgqxhcuhmk", "timestamp": "2022-01-09T18:51:16.953Z"}}'
2020-02-27 09:18:56,051 - basicLogger - INFO - b'{"type": "surgeryInfo", "datetime": "2020 -02-27T09:18:56", "payload": {"patient_id": "jwjtaorfgw", "bookingDate": "2021-01-09T18:51:16.953Z", "surgeryDate": "2021-28-09T18:51:16.953Z"}}'
2020-02-27 09:18:56,281 - basicLogger - INFO - b'{"type": "surgeryInfo", "datetime": "2020 -02-27T09:18:56", "payload": {"patient_id": "olxojxhgjv", "bookingDate": "2021-01-09T18:51:16.953Z", "surgeryDate": "2021-28-09T18:51:16.953Z"}}'
2020-02-27 09:18:56,355 - basicLogger - INFO - b'{"type": "surgeryInfo", "datetime": "2020 -02-27T09:18:56", "payload": {"patient_id": "gztusweino", "bookingDate": "2021-01-09T18:51:16.953Z", "surgeryDate": "2021-28-09T18:51:16.953Z"}}'
2020-02-27 09:18:56,514 - basicLogger - INFO - b'{"type": "surgeryInfo", "datetime": "2020 -02-27T09:18:56", "payload": {"patient_id": "dgnojhwxnq", "bookingDate": "2021-01-09T18:51:16.953Z", "surgeryDate": "2021-28-09T18:51:16.953Z"}}'
2020-02-27 09:18:56,567 - basicLogger - INFO - b'{"type": "surgeryInfo", "datetime": "2020 -02-27T09:18:56", "payload": {"patient_id": "ydzsbghtts", "bookingDate": "2021-01-09T18:51:16.953Z", "surgeryDate": "2021-28-09T18:51:16.953Z"}}'
2020-02-27 09:18:56,700 - basicLogger - INFO - b'{"type": "surgeryInfo", "datetime": "2020 -02-27T09:18:56", "payload": {"patient_id": "iiqjxdkbha", "bookingDate": "2021-01-09T18:51:16.953Z", "surgeryDate": "2021-28-09T18:51:16.953Z"}}'
2020-02-27 09:18:56,755 - basicLogger - INFO - b'{"type": "surgeryInfo", "datetime": "2020 -02-27T09:18:56", "payload": {"patient_id": "cgzwdpnluv", "bookingDate": "2021-01-09T18:51:16.953Z", "surgeryDate": "2021-28-09T18:51:16.953Z"}}'
2020-02-27 09:18:56,826 - basicLogger - INFO - b'{"type": "surgeryInfo", "datetime": "2020 -02-27T09:18:56", "payload": {"patient_id": "yvtxzbeswo", "bookingDate": "2021-01-09T18:51:16.953Z", "surgeryDate": "2021-28-09T18:51:16.953Z"}}'
2020-02-27 09:18:56,873 - basicLogger - INFO - b'{"type": "surgeryInfo", "datetime": "2020 -02-27T09:18:56", "payload": {"patient_id": "cptgzvhsuo", "bookingDate": "2021-01-09T18:51:16.953Z", "surgeryDate": "2021-28-09T18:51:16.953Z"}}'
2020-02-27 09:18:58,127 - basicLogger - INFO - b'{"type": "xrayInfo", "datetime": "2020 -02-27T09:18:58", "payload": {"patient_id": "hplmoarhoq", "result": "epkegnastbrnhvjyzpxq", "timestamp": "2022-01-09T18:51:16.953Z"}}'
2020-02-27 09:18:58,362 - basicLogger - INFO - b'{"type": "xrayInfo", "datetime": "2020 -02-27T09:18:58", "payload": {"patient_id": "cddljggfcc", "result": "yvmgdhrbrjcvybghzatz", "timestamp": "2022-01-09T18:51:16.953Z"}}'
2020-02-27 09:18:58,430 - basicLogger - INFO - b'{"type": "xrayInfo", "datetime": "2020 -02-27T09:18:58", "payload": {"patient_id": "dcgfokkjpu", "result": "nvcaxijfjbqwziumhkey", "timestamp": "2022-01-09T18:51:16.953Z"}}'
2020-02-27 09:18:58,595 - basicLogger - INFO - b'{"type": "xrayInfo", "datetime": "2020 -02-27T09:18:58", "payload": {"patient_id": "pmndbrrvav", "result": "iqorupqhqqeiefenvlpe", "timestamp": "2022-01-09T18:51:16.953Z"}}'
2020-02-27 09:18:58,646 - basicLogger - INFO - b'{"type": "xrayInfo", "datetime": "2020 -02-27T09:18:58", "payload": {"patient_id": "vbpytuqczi", "result": "agfefcdzwzybnlhzcplg", "timestamp": "2022-01-09T18:51:16.953Z"}}'
2020-02-27 09:18:58,771 - basicLogger - INFO - b'{"type": "xrayInfo", "datetime": "2020 -02-27T09:18:58", "payload": {"patient_id": "rqwzjohksd", "result": "qhnebizpuschjzntkeyy", "timestamp": "2022-01-09T18:51:16.953Z"}}'
2020-02-27 09:18:58,845 - basicLogger - INFO - b'{"type": "xrayInfo", "datetime": "2020 -02-27T09:18:58", "payload": {"patient_id": "ffnhmztehj", "result": "lshildodhhqgcbqtqzcu", "timestamp": "2022-01-09T18:51:16.953Z"}}'
2020-02-27 09:18:58,902 - basicLogger - INFO - b'{"type": "xrayInfo", "datetime": "2020 -02-27T09:18:58", "payload": {"patient_id": "iztkednxku", "result": "rmttevcwjmfleterygit", "timestamp": "2022-01-09T18:51:16.953Z"}}'
2020-02-27 09:18:58,937 - basicLogger - INFO - b'{"type": "xrayInfo", "datetime": "2020 -02-27T09:18:58", "payload": {"patient_id": "saybugfvwd", "result": "vbxulvsijsugienxfgze", "timestamp": "2022-01-09T18:51:16.953Z"}}'
2020-02-27 09:19:00,195 - basicLogger - INFO - b'{"type": "surgeryInfo", "datetime": "2020 -02-27T09:19:00", "payload": {"patient_id": "cmlxdrjriy", "bookingDate": "2021-01-09T18:51:16.953Z", "surgeryDate": "2021-28-09T18:51:16.953Z"}}'
2020-02-27 09:19:00,432 - basicLogger - INFO - b'{"type": "surgeryInfo", "datetime": "2020 -02-27T09:19:00", "payload": {"patient_id": "rnnjayypfh", "bookingDate": "2021-01-09T18:51:16.953Z", "surgeryDate": "2021-28-09T18:51:16.953Z"}}'
2020-02-27 09:19:00,498 - basicLogger - INFO - b'{"type": "surgeryInfo", "datetime": "2020 -02-27T09:19:00", "payload": {"patient_id": "ipainecajo", "bookingDate": "2021-01-09T18:51:16.953Z", "surgeryDate": "2021-28-09T18:51:16.953Z"}}'
2020-02-27 09:19:00,645 - basicLogger - INFO - b'{"type": "surgeryInfo", "datetime": "2020 -02-27T09:19:00", "payload": {"patient_id": "sofcgbkdch", "bookingDate": "2021-01-09T18:51:16.953Z", "surgeryDate": "2021-28-09T18:51:16.953Z"}}'
2020-02-27 09:19:00,716 - basicLogger - INFO - b'{"type": "surgeryInfo", "datetime": "2020 -02-27T09:19:00", "payload": {"patient_id": "ecbaegadwu", "bookingDate": "2021-01-09T18:51:16.953Z", "surgeryDate": "2021-28-09T18:51:16.953Z"}}'
2020-02-27 09:19:00,841 - basicLogger - INFO - b'{"type": "surgeryInfo", "datetime": "2020 -02-27T09:19:00", "payload": {"patient_id": "avehexsdcs", "bookingDate": "2021-01-09T18:51:16.953Z", "surgeryDate": "2021-28-09T18:51:16.953Z"}}'
2020-02-27 09:19:00,907 - basicLogger - INFO - b'{"type": "surgeryInfo", "datetime": "2020 -02-27T09:19:00", "payload": {"patient_id": "qhzddmaljv", "bookingDate": "2021-01-09T18:51:16.953Z", "surgeryDate": "2021-28-09T18:51:16.953Z"}}'
2020-02-27 09:19:00,966 - basicLogger - INFO - b'{"type": "surgeryInfo", "datetime": "2020 -02-27T09:19:00", "payload": {"patient_id": "uytooqnkad", "bookingDate": "2021-01-09T18:51:16.953Z", "surgeryDate": "2021-28-09T18:51:16.953Z"}}'
2020-02-27 09:19:01,006 - basicLogger - INFO - b'{"type": "surgeryInfo", "datetime": "2020 -02-27T09:19:01", "payload": {"patient_id": "pbrkpmypbq", "bookingDate": "2021-01-09T18:51:16.953Z", "surgeryDate": "2021-28-09T18:51:16.953Z"}}'
2020-02-27 09:19:02,785 - basicLogger - INFO - b'{"type": "xrayInfo", "datetime": "2020 -02-27T09:19:02", "payload": {"patient_id": "mexbhqvnwn", "result": "qpqcvvdwjkfngifopsgp", "timestamp": "2022-01-09T18:51:16.953Z"}}'
2020-02-27 09:19:04,832 - basicLogger - INFO - b'{"type": "surgeryInfo", "datetime": "2020 -02-27T09:19:04", "payload": {"patient_id": "pflyufekil", "bookingDate": "2021-01-09T18:51:16.953Z", "surgeryDate": "2021-28-09T18:51:16.953Z"}}'
2020-02-27 09:19:06,000 - basicLogger - INFO - b'{"type": "surgeryInfo", "datetime": "2020 -02-27T09:19:06", "payload": {"patient_id": "enfuifbltg", "bookingDate": "2021-01-09T18:51:16.953Z", "surgeryDate": "2021-28-09T18:51:16.953Z"}}'
2020-02-27 09:19:08,055 - basicLogger - INFO - b'{"type": "xrayInfo", "datetime": "2020 -02-27T09:19:08", "payload": {"patient_id": "onnkdwwksv", "result": "cqikbrzwvlhewfhxljel", "timestamp": "2022-01-09T18:51:16.953Z"}}'
2020-02-27 09:19:10,109 - basicLogger - INFO - b'{"type": "surgeryInfo", "datetime": "2020 -02-27T09:19:10", "payload": {"patient_id": "eudwbupnqr", "bookingDate": "2021-01-09T18:51:16.953Z", "surgeryDate": "2021-28-09T18:51:16.953Z"}}'
2020-02-27 09:19:11,016 - basicLogger - INFO - b'{"type": "xrayInfo", "datetime": "2020 -02-27T09:19:11", "payload": {"patient_id": "tnxqgimhky", "result": "lehyiuuarsqipomwbozl", "timestamp": "2022-01-09T18:51:16.953Z"}}'
2020-02-27 09:19:12,151 - basicLogger - INFO - b'{"type": "xrayInfo", "datetime": "2020 -02-27T09:19:12", "payload": {"patient_id": "lgkhftmlwe", "result": "lraxwplpxkxmxgkftbpa", "timestamp": "2022-01-09T18:51:16.953Z"}}'
2020-02-27 09:19:14,197 - basicLogger - INFO - b'{"type": "surgeryInfo", "datetime": "2020 -02-27T09:19:14", "payload": {"patient_id": "iwoondvfma", "bookingDate": "2021-01-09T18:51:16.953Z", "surgeryDate": "2021-28-09T18:51:16.953Z"}}'
2020-02-27 09:19:22,159 - basicLogger - INFO - b'{"type": "surgeryInfo", "datetime": "2020 -02-27T09:19:22", "payload": {"patient_id": "ifdpxtsqyd", "bookingDate": "2021-01-09T18:51:16.953Z", "surgeryDate": "2021-28-09T18:51:16.953Z"}}'
2020-02-27 09:19:29,230 - basicLogger - INFO - b'{"type": "xrayInfo", "datetime": "2020 -02-27T09:19:29", "payload": {"patient_id": "ohyvucaamt", "result": "rrgymucqvglptaglbmyt", "timestamp": "2022-01-09T18:51:16.953Z"}}'
2020-02-27 09:19:34,261 - basicLogger - INFO - b'{"type": "surgeryInfo", "datetime": "2020 -02-27T09:19:34", "payload": {"patient_id": "pcrfpcbzzs", "bookingDate": "2021-01-09T18:51:16.953Z", "surgeryDate": "2021-28-09T18:51:16.953Z"}}'
2020-02-27 09:19:41,336 - basicLogger - INFO - b'{"type": "xrayInfo", "datetime": "2020 -02-27T09:19:41", "payload": {"patient_id": "suqqqezbec", "result": "omhvpdjyjtslbcmgfucx", "timestamp": "2022-01-09T18:51:16.953Z"}}'
2020-02-27 09:19:46,353 - basicLogger - INFO - b'{"type": "surgeryInfo", "datetime": "2020 -02-27T09:19:46", "payload": {"patient_id": "ocqijizkly", "bookingDate": "2021-01-09T18:51:16.953Z", "surgeryDate": "2021-28-09T18:51:16.953Z"}}'
2020-02-27 09:19:53,425 - basicLogger - INFO - b'{"type": "xrayInfo", "datetime": "2020 -02-27T09:19:53", "payload": {"patient_id": "wpscezlnfu", "result": "metdiqcghsvfyqedyhrv", "timestamp": "2022-01-09T18:51:16.953Z"}}'
2020-02-27 09:19:58,447 - basicLogger - INFO - b'{"type": "surgeryInfo", "datetime": "2020 -02-27T09:19:58", "payload": {"patient_id": "cuznariayt", "bookingDate": "2021-01-09T18:51:16.953Z", "surgeryDate": "2021-28-09T18:51:16.953Z"}}'
2020-02-27 09:20:05,509 - basicLogger - INFO - b'{"type": "xrayInfo", "datetime": "2020 -02-27T09:20:05", "payload": {"patient_id": "wuevweyrng", "result": "cjmmfrxolzfjqzemgdhx", "timestamp": "2022-01-09T18:51:16.953Z"}}'
2020-02-27 09:20:10,539 - basicLogger - INFO - b'{"type": "surgeryInfo", "datetime": "2020 -02-27T09:20:10", "payload": {"patient_id": "mnufzkdfsd", "bookingDate": "2021-01-09T18:51:16.953Z", "surgeryDate": "2021-28-09T18:51:16.953Z"}}'
2020-02-27 09:20:17,585 - basicLogger - INFO - b'{"type": "xrayInfo", "datetime": "2020 -02-27T09:20:17", "payload": {"patient_id": "rabdhjnuzd", "result": "aznqnpxracmolqurnxve", "timestamp": "2022-01-09T18:51:16.953Z"}}'
2020-02-27 09:20:22,615 - basicLogger - INFO - b'{"type": "surgeryInfo", "datetime": "2020 -02-27T09:20:22", "payload": {"patient_id": "vfnlbupbnz", "bookingDate": "2021-01-09T18:51:16.953Z", "surgeryDate": "2021-28-09T18:51:16.953Z"}}'
2020-03-05 10:15:11,017 - basicLogger - INFO - b'{"type": "surgeryInfo", "datetime": "2020 -03-05T10:15:11", "payload": {"patient_id": "3fa85f64-5717-4562-b3fc-2c963f66afa6", "bookingDate": "2020-01-09T18:51:16.953Z", "surgeryDate": "2020-28-09T18:51:16.953Z"}}'
2020-03-05 10:15:23,573 - basicLogger - INFO - b'{"type": "xrayInfo", "datetime": "2020 -03-05T10:15:23", "payload": {"patient_id": "3fa85f64-5717-4562-b3fc-2c963f66afa7", "result": "BBBBBB", "timestamp": "2023-01-09T18:51:16.953Z"}}'
